<?xml version="1.0" encoding="UTF-8"?>
<!-- Generated by org.testng.reporters.JUnitReportReporter -->
<testsuite hostname="del1-lhp-n70285" failures="0" tests="1" name="com.qa.thesis.tests.DataCreation" time="221.306" errors="0" timestamp="2024-03-13T21:25:49 IST" skipped="0">
  <testcase classname="com.qa.thesis.tests.DataCreation" name="dataCreation" time="221.306"/>
  <system-out/>
</testsuite> <!-- com.qa.thesis.tests.DataCreation -->
