<?xml version="1.0" encoding="UTF-8"?>
<!-- Generated by org.testng.reporters.JUnitReportReporter -->
<testsuite hostname="del1-lhp-n70285" failures="0" tests="2" name="com.qa.thesis.tests.College" time="39.045" errors="0" timestamp="2023-08-04T15:16:57 IST" skipped="0">
  <testcase classname="com.qa.thesis.tests.College" name="DeleteCollege" time="13.062"/>
  <system-out/>
  <testcase classname="com.qa.thesis.tests.College" name="CreateCollege" time="25.983"/>
  <system-out/>
</testsuite> <!-- com.qa.thesis.tests.College -->
