<?xml version="1.0" encoding="UTF-8"?>
<!-- Generated by org.testng.reporters.JUnitReportReporter -->
<testsuite hostname="del1-lhp-n70285" failures="0" tests="2" name="com.qa.thesis.tests.College" time="42.682" errors="0" timestamp="2023-07-06T20:43:21 IST" skipped="0">
  <testcase classname="com.qa.thesis.tests.College" name="DeleteCollege" time="13.844"/>
  <system-out/>
  <testcase classname="com.qa.thesis.tests.College" name="CreateCollege" time="28.838"/>
  <system-out/>
</testsuite> <!-- com.qa.thesis.tests.College -->
