<?xml version="1.0" encoding="UTF-8"?>
<!-- Generated by org.testng.reporters.JUnitReportReporter -->
<testsuite hostname="del1-lhp-n70285" failures="0" tests="1" name="com.qa.thesis.tests.Administrative.Billing.PriceRates" time="58.058" errors="0" timestamp="2024-06-27T17:30:06 IST" skipped="0">
  <testcase classname="com.qa.thesis.tests.Administrative.Billing.PriceRates" name="CreatePriceRate" time="58.058"/>
  <system-out/>
</testsuite> <!-- com.qa.thesis.tests.Administrative.Billing.PriceRates -->
