<?xml version="1.0" encoding="UTF-8"?>
<!-- Generated by org.testng.reporters.JUnitReportReporter -->
<testsuite hostname="del1-lhp-n70285" failures="0" tests="12" name="com.qa.thesis.tests.SetEnvVariable" time="401.701" errors="11" timestamp="2024-02-23T21:00:04 IST" skipped="1">
  <testcase classname="com.qa.thesis.tests.SetEnvVariable" name="SetDropCharge" time="48.262">
    <error message="Error {
  message=&#039;Timeout 30000ms exceeded.
=========================== logs ===========================
waiting for locator(&quot;xpath=//button[@title=&#039;System Management&#039;]&quot;)
============================================================
  name=&#039;TimeoutError
  stack=&#039;TimeoutError: Timeout 30000ms exceeded.
=========================== logs ===========================
waiting for locator(&quot;xpath=//button[@title=&#039;System Management&#039;]&quot;)
============================================================
    at ProgressController.run (C:\Users\SURYA~1.MAH\AppData\Local\Temp\playwright-java-10068779072447755860\package\lib\server\progress.js:88:26)
    at Frame.click (C:\Users\SURYA~1.MAH\AppData\Local\Temp\playwright-java-10068779072447755860\package\lib\server\frames.js:999:23)
    at FrameDispatcher.click (C:\Users\SURYA~1.MAH\AppData\Local\Temp\playwright-java-10068779072447755860\package\lib\server\dispatchers\frameDispatcher.js:149:30)
    at DispatcherConnection.dispatch (C:\Users\SURYA~1.MAH\AppData\Local\Temp\playwright-java-10068779072447755860\package\lib\server\dispatchers\dispatcher.js:312:46)
}" type="com.microsoft.playwright.TimeoutError">
      <![CDATA[com.microsoft.playwright.TimeoutError: Error {
  message='Timeout 30000ms exceeded.
=========================== logs ===========================
waiting for locator("xpath=//button[@title='System Management']")
============================================================
  name='TimeoutError
  stack='TimeoutError: Timeout 30000ms exceeded.
=========================== logs ===========================
waiting for locator("xpath=//button[@title='System Management']")
============================================================
    at ProgressController.run (C:\Users\SURYA~1.MAH\AppData\Local\Temp\playwright-java-10068779072447755860\package\lib\server\progress.js:88:26)
    at Frame.click (C:\Users\SURYA~1.MAH\AppData\Local\Temp\playwright-java-10068779072447755860\package\lib\server\frames.js:999:23)
    at FrameDispatcher.click (C:\Users\SURYA~1.MAH\AppData\Local\Temp\playwright-java-10068779072447755860\package\lib\server\dispatchers\frameDispatcher.js:149:30)
    at DispatcherConnection.dispatch (C:\Users\SURYA~1.MAH\AppData\Local\Temp\playwright-java-10068779072447755860\package\lib\server\dispatchers\dispatcher.js:312:46)
}
at com.microsoft.playwright.impl.WaitableResult.get(WaitableResult.java:52)
at com.microsoft.playwright.impl.ChannelOwner.runUntil(ChannelOwner.java:111)
at com.microsoft.playwright.impl.Connection.sendMessage(Connection.java:126)
at com.microsoft.playwright.impl.ChannelOwner.sendMessage(ChannelOwner.java:102)
at com.microsoft.playwright.impl.FrameImpl.clickImpl(FrameImpl.java:252)
at com.microsoft.playwright.impl.PageImpl.lambda$click$17(PageImpl.java:603)
at com.microsoft.playwright.impl.LoggingSupport.lambda$withLogging$0(LoggingSupport.java:36)
at com.microsoft.playwright.impl.LoggingSupport.withLogging(LoggingSupport.java:47)
at com.microsoft.playwright.impl.ChannelOwner.withLogging(ChannelOwner.java:87)
at com.microsoft.playwright.impl.LoggingSupport.withLogging(LoggingSupport.java:35)
at com.microsoft.playwright.impl.PageImpl.click(PageImpl.java:602)
at com.microsoft.playwright.Page.click(Page.java:3723)
at com.qa.thesis.pages.LoginPage.NavigateToApplicationSetting(LoginPage.java:178)
at com.qa.thesis.tests.SetEnvVariable.SetDropCharge(SetEnvVariable.java:17)
at java.base/jdk.internal.reflect.NativeMethodAccessorImpl.invoke0(Native Method)
at java.base/jdk.internal.reflect.NativeMethodAccessorImpl.invoke(NativeMethodAccessorImpl.java:77)
at java.base/jdk.internal.reflect.DelegatingMethodAccessorImpl.invoke(DelegatingMethodAccessorImpl.java:43)
at java.base/java.lang.reflect.Method.invoke(Method.java:568)
at org.testng.internal.invokers.MethodInvocationHelper.invokeMethod(MethodInvocationHelper.java:139)
at org.testng.internal.invokers.TestInvoker.invokeMethod(TestInvoker.java:677)
at org.testng.internal.invokers.TestInvoker.invokeTestMethod(TestInvoker.java:221)
at org.testng.internal.invokers.MethodRunner.runInSequence(MethodRunner.java:50)
at org.testng.internal.invokers.TestInvoker$MethodInvocationAgent.invoke(TestInvoker.java:969)
at org.testng.internal.invokers.TestInvoker.invokeTestMethods(TestInvoker.java:194)
at org.testng.internal.invokers.TestMethodWorker.invokeTestMethods(TestMethodWorker.java:148)
at org.testng.internal.invokers.TestMethodWorker.run(TestMethodWorker.java:128)
at java.base/java.util.ArrayList.forEach(ArrayList.java:1511)
at org.testng.TestRunner.privateRun(TestRunner.java:829)
at org.testng.TestRunner.run(TestRunner.java:602)
at org.testng.SuiteRunner.runTest(SuiteRunner.java:437)
at org.testng.SuiteRunner$SuiteWorker.run(SuiteRunner.java:475)
at org.testng.internal.thread.ThreadUtil.lambda$execute$0(ThreadUtil.java:58)
at java.base/java.util.concurrent.FutureTask.run(FutureTask.java:264)
at java.base/java.util.concurrent.ThreadPoolExecutor.runWorker(ThreadPoolExecutor.java:1136)
at java.base/java.util.concurrent.ThreadPoolExecutor$Worker.run(ThreadPoolExecutor.java:635)
at java.base/java.lang.Thread.run(Thread.java:833)
Caused by: com.microsoft.playwright.TimeoutError: Error {
  message='Timeout 30000ms exceeded.
=========================== logs ===========================
waiting for locator("xpath=//button[@title='System Management']")
============================================================
  name='TimeoutError
  stack='TimeoutError: Timeout 30000ms exceeded.
=========================== logs ===========================
waiting for locator("xpath=//button[@title='System Management']")
============================================================
    at ProgressController.run (C:\Users\SURYA~1.MAH\AppData\Local\Temp\playwright-java-10068779072447755860\package\lib\server\progress.js:88:26)
    at Frame.click (C:\Users\SURYA~1.MAH\AppData\Local\Temp\playwright-java-10068779072447755860\package\lib\server\frames.js:999:23)
    at FrameDispatcher.click (C:\Users\SURYA~1.MAH\AppData\Local\Temp\playwright-java-10068779072447755860\package\lib\server\dispatchers\frameDispatcher.js:149:30)
    at DispatcherConnection.dispatch (C:\Users\SURYA~1.MAH\AppData\Local\Temp\playwright-java-10068779072447755860\package\lib\server\dispatchers\dispatcher.js:312:46)
}
at com.microsoft.playwright.impl.Connection.dispatch(Connection.java:224)
at com.microsoft.playwright.impl.Connection.processOneMessage(Connection.java:206)
at com.microsoft.playwright.impl.ChannelOwner.runUntil(ChannelOwner.java:109)
... 34 more
]]>
    </error>
  </testcase> <!-- SetDropCharge -->
  <system-out/>
  <testcase classname="com.qa.thesis.tests.SetEnvVariable" name="Logout" time="31.383">
    <error message="Error {
  message=&#039;Timeout 30000ms exceeded.
=========================== logs ===========================
waiting for getByRole(AriaRole.BUTTON, new Page.GetByRoleOptions().setName(&quot;Logout&quot;))
============================================================
  name=&#039;TimeoutError
  stack=&#039;TimeoutError: Timeout 30000ms exceeded.
=========================== logs ===========================
waiting for getByRole(AriaRole.BUTTON, new Page.GetByRoleOptions().setName(&quot;Logout&quot;))
============================================================
    at ProgressController.run (C:\Users\SURYA~1.MAH\AppData\Local\Temp\playwright-java-10068779072447755860\package\lib\server\progress.js:88:26)
    at Frame.click (C:\Users\SURYA~1.MAH\AppData\Local\Temp\playwright-java-10068779072447755860\package\lib\server\frames.js:999:23)
    at FrameDispatcher.click (C:\Users\SURYA~1.MAH\AppData\Local\Temp\playwright-java-10068779072447755860\package\lib\server\dispatchers\frameDispatcher.js:149:30)
    at DispatcherConnection.dispatch (C:\Users\SURYA~1.MAH\AppData\Local\Temp\playwright-java-10068779072447755860\package\lib\server\dispatchers\dispatcher.js:312:46)
}" type="com.microsoft.playwright.TimeoutError">
      <![CDATA[com.microsoft.playwright.TimeoutError: Error {
  message='Timeout 30000ms exceeded.
=========================== logs ===========================
waiting for getByRole(AriaRole.BUTTON, new Page.GetByRoleOptions().setName("Logout"))
============================================================
  name='TimeoutError
  stack='TimeoutError: Timeout 30000ms exceeded.
=========================== logs ===========================
waiting for getByRole(AriaRole.BUTTON, new Page.GetByRoleOptions().setName("Logout"))
============================================================
    at ProgressController.run (C:\Users\SURYA~1.MAH\AppData\Local\Temp\playwright-java-10068779072447755860\package\lib\server\progress.js:88:26)
    at Frame.click (C:\Users\SURYA~1.MAH\AppData\Local\Temp\playwright-java-10068779072447755860\package\lib\server\frames.js:999:23)
    at FrameDispatcher.click (C:\Users\SURYA~1.MAH\AppData\Local\Temp\playwright-java-10068779072447755860\package\lib\server\dispatchers\frameDispatcher.js:149:30)
    at DispatcherConnection.dispatch (C:\Users\SURYA~1.MAH\AppData\Local\Temp\playwright-java-10068779072447755860\package\lib\server\dispatchers\dispatcher.js:312:46)
}
at com.microsoft.playwright.impl.WaitableResult.get(WaitableResult.java:52)
at com.microsoft.playwright.impl.ChannelOwner.runUntil(ChannelOwner.java:111)
at com.microsoft.playwright.impl.Connection.sendMessage(Connection.java:126)
at com.microsoft.playwright.impl.ChannelOwner.sendMessage(ChannelOwner.java:102)
at com.microsoft.playwright.impl.FrameImpl.clickImpl(FrameImpl.java:252)
at com.microsoft.playwright.impl.FrameImpl.lambda$click$8(FrameImpl.java:243)
at com.microsoft.playwright.impl.LoggingSupport.lambda$withLogging$0(LoggingSupport.java:36)
at com.microsoft.playwright.impl.LoggingSupport.withLogging(LoggingSupport.java:47)
at com.microsoft.playwright.impl.ChannelOwner.withLogging(ChannelOwner.java:87)
at com.microsoft.playwright.impl.LoggingSupport.withLogging(LoggingSupport.java:35)
at com.microsoft.playwright.impl.FrameImpl.click(FrameImpl.java:243)
at com.microsoft.playwright.impl.LocatorImpl.click(LocatorImpl.java:132)
at com.microsoft.playwright.Locator.click(Locator.java:2268)
at com.qa.thesis.pages.LoginPage.Logout(LoginPage.java:123)
at com.qa.thesis.base.BaseTest.Logout(BaseTest.java:35)
at java.base/jdk.internal.reflect.NativeMethodAccessorImpl.invoke0(Native Method)
at java.base/jdk.internal.reflect.NativeMethodAccessorImpl.invoke(NativeMethodAccessorImpl.java:77)
at java.base/jdk.internal.reflect.DelegatingMethodAccessorImpl.invoke(DelegatingMethodAccessorImpl.java:43)
at java.base/java.lang.reflect.Method.invoke(Method.java:568)
at org.testng.internal.invokers.MethodInvocationHelper.invokeMethod(MethodInvocationHelper.java:139)
at org.testng.internal.invokers.MethodInvocationHelper.invokeMethodConsideringTimeout(MethodInvocationHelper.java:69)
at org.testng.internal.invokers.ConfigInvoker.invokeConfigurationMethod(ConfigInvoker.java:361)
at org.testng.internal.invokers.ConfigInvoker.invokeConfigurations(ConfigInvoker.java:296)
at org.testng.internal.invokers.TestInvoker.runConfigMethods(TestInvoker.java:823)
at org.testng.internal.invokers.TestInvoker.runAfterConfigurations(TestInvoker.java:792)
at org.testng.internal.invokers.TestInvoker.invokeMethod(TestInvoker.java:768)
at org.testng.internal.invokers.TestInvoker.invokeTestMethod(TestInvoker.java:221)
at org.testng.internal.invokers.MethodRunner.runInSequence(MethodRunner.java:50)
at org.testng.internal.invokers.TestInvoker$MethodInvocationAgent.invoke(TestInvoker.java:969)
at org.testng.internal.invokers.TestInvoker.invokeTestMethods(TestInvoker.java:194)
at org.testng.internal.invokers.TestMethodWorker.invokeTestMethods(TestMethodWorker.java:148)
at org.testng.internal.invokers.TestMethodWorker.run(TestMethodWorker.java:128)
at java.base/java.util.ArrayList.forEach(ArrayList.java:1511)
at org.testng.TestRunner.privateRun(TestRunner.java:829)
at org.testng.TestRunner.run(TestRunner.java:602)
at org.testng.SuiteRunner.runTest(SuiteRunner.java:437)
at org.testng.SuiteRunner$SuiteWorker.run(SuiteRunner.java:475)
at org.testng.internal.thread.ThreadUtil.lambda$execute$0(ThreadUtil.java:58)
at java.base/java.util.concurrent.FutureTask.run(FutureTask.java:264)
at java.base/java.util.concurrent.ThreadPoolExecutor.runWorker(ThreadPoolExecutor.java:1136)
at java.base/java.util.concurrent.ThreadPoolExecutor$Worker.run(ThreadPoolExecutor.java:635)
at java.base/java.lang.Thread.run(Thread.java:833)
Caused by: com.microsoft.playwright.TimeoutError: Error {
  message='Timeout 30000ms exceeded.
=========================== logs ===========================
waiting for getByRole(AriaRole.BUTTON, new Page.GetByRoleOptions().setName("Logout"))
============================================================
  name='TimeoutError
  stack='TimeoutError: Timeout 30000ms exceeded.
=========================== logs ===========================
waiting for getByRole(AriaRole.BUTTON, new Page.GetByRoleOptions().setName("Logout"))
============================================================
    at ProgressController.run (C:\Users\SURYA~1.MAH\AppData\Local\Temp\playwright-java-10068779072447755860\package\lib\server\progress.js:88:26)
    at Frame.click (C:\Users\SURYA~1.MAH\AppData\Local\Temp\playwright-java-10068779072447755860\package\lib\server\frames.js:999:23)
    at FrameDispatcher.click (C:\Users\SURYA~1.MAH\AppData\Local\Temp\playwright-java-10068779072447755860\package\lib\server\dispatchers\frameDispatcher.js:149:30)
    at DispatcherConnection.dispatch (C:\Users\SURYA~1.MAH\AppData\Local\Temp\playwright-java-10068779072447755860\package\lib\server\dispatchers\dispatcher.js:312:46)
}
at com.microsoft.playwright.impl.Connection.dispatch(Connection.java:224)
at com.microsoft.playwright.impl.Connection.processOneMessage(Connection.java:206)
at com.microsoft.playwright.impl.ChannelOwner.runUntil(ChannelOwner.java:109)
... 40 more
]]>
    </error>
  </testcase> <!-- Logout -->
  <system-out/>
  <testcase classname="com.qa.thesis.tests.SetEnvVariable" name="Logout" time="30.013">
    <error message="Error {
  message=&#039;Timeout 30000ms exceeded.
=========================== logs ===========================
waiting for getByRole(AriaRole.BUTTON, new Page.GetByRoleOptions().setName(&quot;Profile Menu&quot;))
============================================================
  name=&#039;TimeoutError
  stack=&#039;TimeoutError: Timeout 30000ms exceeded.
=========================== logs ===========================
waiting for getByRole(AriaRole.BUTTON, new Page.GetByRoleOptions().setName(&quot;Profile Menu&quot;))
============================================================
    at ProgressController.run (C:\Users\SURYA~1.MAH\AppData\Local\Temp\playwright-java-10068779072447755860\package\lib\server\progress.js:88:26)
    at Frame.click (C:\Users\SURYA~1.MAH\AppData\Local\Temp\playwright-java-10068779072447755860\package\lib\server\frames.js:999:23)
    at FrameDispatcher.click (C:\Users\SURYA~1.MAH\AppData\Local\Temp\playwright-java-10068779072447755860\package\lib\server\dispatchers\frameDispatcher.js:149:30)
    at DispatcherConnection.dispatch (C:\Users\SURYA~1.MAH\AppData\Local\Temp\playwright-java-10068779072447755860\package\lib\server\dispatchers\dispatcher.js:312:46)
}" type="com.microsoft.playwright.TimeoutError">
      <![CDATA[com.microsoft.playwright.TimeoutError: Error {
  message='Timeout 30000ms exceeded.
=========================== logs ===========================
waiting for getByRole(AriaRole.BUTTON, new Page.GetByRoleOptions().setName("Profile Menu"))
============================================================
  name='TimeoutError
  stack='TimeoutError: Timeout 30000ms exceeded.
=========================== logs ===========================
waiting for getByRole(AriaRole.BUTTON, new Page.GetByRoleOptions().setName("Profile Menu"))
============================================================
    at ProgressController.run (C:\Users\SURYA~1.MAH\AppData\Local\Temp\playwright-java-10068779072447755860\package\lib\server\progress.js:88:26)
    at Frame.click (C:\Users\SURYA~1.MAH\AppData\Local\Temp\playwright-java-10068779072447755860\package\lib\server\frames.js:999:23)
    at FrameDispatcher.click (C:\Users\SURYA~1.MAH\AppData\Local\Temp\playwright-java-10068779072447755860\package\lib\server\dispatchers\frameDispatcher.js:149:30)
    at DispatcherConnection.dispatch (C:\Users\SURYA~1.MAH\AppData\Local\Temp\playwright-java-10068779072447755860\package\lib\server\dispatchers\dispatcher.js:312:46)
}
at com.microsoft.playwright.impl.WaitableResult.get(WaitableResult.java:52)
at com.microsoft.playwright.impl.ChannelOwner.runUntil(ChannelOwner.java:111)
at com.microsoft.playwright.impl.Connection.sendMessage(Connection.java:126)
at com.microsoft.playwright.impl.ChannelOwner.sendMessage(ChannelOwner.java:102)
at com.microsoft.playwright.impl.FrameImpl.clickImpl(FrameImpl.java:252)
at com.microsoft.playwright.impl.FrameImpl.lambda$click$8(FrameImpl.java:243)
at com.microsoft.playwright.impl.LoggingSupport.lambda$withLogging$0(LoggingSupport.java:36)
at com.microsoft.playwright.impl.LoggingSupport.withLogging(LoggingSupport.java:47)
at com.microsoft.playwright.impl.ChannelOwner.withLogging(ChannelOwner.java:87)
at com.microsoft.playwright.impl.LoggingSupport.withLogging(LoggingSupport.java:35)
at com.microsoft.playwright.impl.FrameImpl.click(FrameImpl.java:243)
at com.microsoft.playwright.impl.LocatorImpl.click(LocatorImpl.java:132)
at com.microsoft.playwright.Locator.click(Locator.java:2268)
at com.qa.thesis.pages.LoginPage.Logout(LoginPage.java:122)
at com.qa.thesis.base.BaseTest.Logout(BaseTest.java:35)
at java.base/jdk.internal.reflect.NativeMethodAccessorImpl.invoke0(Native Method)
at java.base/jdk.internal.reflect.NativeMethodAccessorImpl.invoke(NativeMethodAccessorImpl.java:77)
at java.base/jdk.internal.reflect.DelegatingMethodAccessorImpl.invoke(DelegatingMethodAccessorImpl.java:43)
at java.base/java.lang.reflect.Method.invoke(Method.java:568)
at org.testng.internal.invokers.MethodInvocationHelper.invokeMethod(MethodInvocationHelper.java:139)
at org.testng.internal.invokers.MethodInvocationHelper.invokeMethodConsideringTimeout(MethodInvocationHelper.java:69)
at org.testng.internal.invokers.ConfigInvoker.invokeConfigurationMethod(ConfigInvoker.java:361)
at org.testng.internal.invokers.ConfigInvoker.invokeConfigurations(ConfigInvoker.java:296)
at org.testng.internal.invokers.TestInvoker.runConfigMethods(TestInvoker.java:823)
at org.testng.internal.invokers.TestInvoker.runAfterConfigurations(TestInvoker.java:792)
at org.testng.internal.invokers.TestInvoker.invokeMethod(TestInvoker.java:768)
at org.testng.internal.invokers.TestInvoker.invokeTestMethod(TestInvoker.java:221)
at org.testng.internal.invokers.MethodRunner.runInSequence(MethodRunner.java:50)
at org.testng.internal.invokers.TestInvoker$MethodInvocationAgent.invoke(TestInvoker.java:969)
at org.testng.internal.invokers.TestInvoker.invokeTestMethods(TestInvoker.java:194)
at org.testng.internal.invokers.TestMethodWorker.invokeTestMethods(TestMethodWorker.java:148)
at org.testng.internal.invokers.TestMethodWorker.run(TestMethodWorker.java:128)
at java.base/java.util.ArrayList.forEach(ArrayList.java:1511)
at org.testng.TestRunner.privateRun(TestRunner.java:829)
at org.testng.TestRunner.run(TestRunner.java:602)
at org.testng.SuiteRunner.runTest(SuiteRunner.java:437)
at org.testng.SuiteRunner$SuiteWorker.run(SuiteRunner.java:475)
at org.testng.internal.thread.ThreadUtil.lambda$execute$0(ThreadUtil.java:58)
at java.base/java.util.concurrent.FutureTask.run(FutureTask.java:264)
at java.base/java.util.concurrent.ThreadPoolExecutor.runWorker(ThreadPoolExecutor.java:1136)
at java.base/java.util.concurrent.ThreadPoolExecutor$Worker.run(ThreadPoolExecutor.java:635)
at java.base/java.lang.Thread.run(Thread.java:833)
Caused by: com.microsoft.playwright.TimeoutError: Error {
  message='Timeout 30000ms exceeded.
=========================== logs ===========================
waiting for getByRole(AriaRole.BUTTON, new Page.GetByRoleOptions().setName("Profile Menu"))
============================================================
  name='TimeoutError
  stack='TimeoutError: Timeout 30000ms exceeded.
=========================== logs ===========================
waiting for getByRole(AriaRole.BUTTON, new Page.GetByRoleOptions().setName("Profile Menu"))
============================================================
    at ProgressController.run (C:\Users\SURYA~1.MAH\AppData\Local\Temp\playwright-java-10068779072447755860\package\lib\server\progress.js:88:26)
    at Frame.click (C:\Users\SURYA~1.MAH\AppData\Local\Temp\playwright-java-10068779072447755860\package\lib\server\frames.js:999:23)
    at FrameDispatcher.click (C:\Users\SURYA~1.MAH\AppData\Local\Temp\playwright-java-10068779072447755860\package\lib\server\dispatchers\frameDispatcher.js:149:30)
    at DispatcherConnection.dispatch (C:\Users\SURYA~1.MAH\AppData\Local\Temp\playwright-java-10068779072447755860\package\lib\server\dispatchers\dispatcher.js:312:46)
}
at com.microsoft.playwright.impl.Connection.dispatch(Connection.java:224)
at com.microsoft.playwright.impl.Connection.processOneMessage(Connection.java:206)
at com.microsoft.playwright.impl.ChannelOwner.runUntil(ChannelOwner.java:109)
... 40 more
]]>
    </error>
  </testcase> <!-- Logout -->
  <system-out/>
  <testcase classname="com.qa.thesis.tests.SetEnvVariable" name="setup" time="37.468">
    <error message="Error {
  message=&#039;net::ERR_CONNECTION_TIMED_OUT at https://sm-qa-d46.thesiscloud-lab.com/U4SM/
=========================== logs ===========================
navigating to &quot;https://sm-qa-d46.thesiscloud-lab.com/U4SM/&quot;, waiting until &quot;load&quot;
============================================================
  name=&#039;Error
  stack=&#039;Error: net::ERR_CONNECTION_TIMED_OUT at https://sm-qa-d46.thesiscloud-lab.com/U4SM/
=========================== logs ===========================
navigating to &quot;https://sm-qa-d46.thesiscloud-lab.com/U4SM/&quot;, waiting until &quot;load&quot;
============================================================
    at FrameSession._navigate (C:\Users\SURYA~1.MAH\AppData\Local\Temp\playwright-java-10068779072447755860\package\lib\server\chromium\crPage.js:509:35)
    at async Frame._gotoAction (C:\Users\SURYA~1.MAH\AppData\Local\Temp\playwright-java-10068779072447755860\package\lib\server\frames.js:538:28)
    at async ProgressController.run (C:\Users\SURYA~1.MAH\AppData\Local\Temp\playwright-java-10068779072447755860\package\lib\server\progress.js:92:22)
    at async FrameDispatcher.goto (C:\Users\SURYA~1.MAH\AppData\Local\Temp\playwright-java-10068779072447755860\package\lib\server\dispatchers\frameDispatcher.js:75:103)
    at async DispatcherConnection.dispatch (C:\Users\SURYA~1.MAH\AppData\Local\Temp\playwright-java-10068779072447755860\package\lib\server\dispatchers\dispatcher.js:312:22)
}" type="com.microsoft.playwright.PlaywrightException">
      <![CDATA[com.microsoft.playwright.PlaywrightException: Error {
  message='net::ERR_CONNECTION_TIMED_OUT at https://sm-qa-d46.thesiscloud-lab.com/U4SM/
=========================== logs ===========================
navigating to "https://sm-qa-d46.thesiscloud-lab.com/U4SM/", waiting until "load"
============================================================
  name='Error
  stack='Error: net::ERR_CONNECTION_TIMED_OUT at https://sm-qa-d46.thesiscloud-lab.com/U4SM/
=========================== logs ===========================
navigating to "https://sm-qa-d46.thesiscloud-lab.com/U4SM/", waiting until "load"
============================================================
    at FrameSession._navigate (C:\Users\SURYA~1.MAH\AppData\Local\Temp\playwright-java-10068779072447755860\package\lib\server\chromium\crPage.js:509:35)
    at async Frame._gotoAction (C:\Users\SURYA~1.MAH\AppData\Local\Temp\playwright-java-10068779072447755860\package\lib\server\frames.js:538:28)
    at async ProgressController.run (C:\Users\SURYA~1.MAH\AppData\Local\Temp\playwright-java-10068779072447755860\package\lib\server\progress.js:92:22)
    at async FrameDispatcher.goto (C:\Users\SURYA~1.MAH\AppData\Local\Temp\playwright-java-10068779072447755860\package\lib\server\dispatchers\frameDispatcher.js:75:103)
    at async DispatcherConnection.dispatch (C:\Users\SURYA~1.MAH\AppData\Local\Temp\playwright-java-10068779072447755860\package\lib\server\dispatchers\dispatcher.js:312:22)
}
at com.microsoft.playwright.impl.WaitableResult.get(WaitableResult.java:54)
at com.microsoft.playwright.impl.ChannelOwner.runUntil(ChannelOwner.java:111)
at com.microsoft.playwright.impl.Connection.sendMessage(Connection.java:126)
at com.microsoft.playwright.impl.ChannelOwner.sendMessage(ChannelOwner.java:102)
at com.microsoft.playwright.impl.FrameImpl.navigateImpl(FrameImpl.java:463)
at com.microsoft.playwright.impl.PageImpl.lambda$navigate$45(PageImpl.java:853)
at com.microsoft.playwright.impl.LoggingSupport.withLogging(LoggingSupport.java:47)
at com.microsoft.playwright.impl.ChannelOwner.withLogging(ChannelOwner.java:87)
at com.microsoft.playwright.impl.PageImpl.navigate(PageImpl.java:853)
at com.microsoft.playwright.impl.PageImpl.navigate(PageImpl.java:42)
at com.microsoft.playwright.Page.navigate(Page.java:5264)
at com.qa.thesis.factory.PlaywrightFactory.initBrowser(PlaywrightFactory.java:88)
at com.qa.thesis.base.BaseTest.setup(BaseTest.java:27)
at java.base/jdk.internal.reflect.NativeMethodAccessorImpl.invoke0(Native Method)
at java.base/jdk.internal.reflect.NativeMethodAccessorImpl.invoke(NativeMethodAccessorImpl.java:77)
at java.base/jdk.internal.reflect.DelegatingMethodAccessorImpl.invoke(DelegatingMethodAccessorImpl.java:43)
at java.base/java.lang.reflect.Method.invoke(Method.java:568)
at org.testng.internal.invokers.MethodInvocationHelper.invokeMethod(MethodInvocationHelper.java:139)
at org.testng.internal.invokers.MethodInvocationHelper.invokeMethodConsideringTimeout(MethodInvocationHelper.java:69)
at org.testng.internal.invokers.ConfigInvoker.invokeConfigurationMethod(ConfigInvoker.java:361)
at org.testng.internal.invokers.ConfigInvoker.invokeConfigurations(ConfigInvoker.java:296)
at org.testng.TestRunner.invokeTestConfigurations(TestRunner.java:644)
at org.testng.TestRunner.beforeRun(TestRunner.java:633)
at org.testng.TestRunner.run(TestRunner.java:595)
at org.testng.SuiteRunner.runTest(SuiteRunner.java:437)
at org.testng.SuiteRunner$SuiteWorker.run(SuiteRunner.java:475)
at org.testng.internal.thread.ThreadUtil.lambda$execute$0(ThreadUtil.java:58)
at java.base/java.util.concurrent.FutureTask.run(FutureTask.java:264)
at java.base/java.util.concurrent.ThreadPoolExecutor.runWorker(ThreadPoolExecutor.java:1136)
at java.base/java.util.concurrent.ThreadPoolExecutor$Worker.run(ThreadPoolExecutor.java:635)
at java.base/java.lang.Thread.run(Thread.java:833)
Caused by: com.microsoft.playwright.impl.DriverException: Error {
  message='net::ERR_CONNECTION_TIMED_OUT at https://sm-qa-d46.thesiscloud-lab.com/U4SM/
=========================== logs ===========================
navigating to "https://sm-qa-d46.thesiscloud-lab.com/U4SM/", waiting until "load"
============================================================
  name='Error
  stack='Error: net::ERR_CONNECTION_TIMED_OUT at https://sm-qa-d46.thesiscloud-lab.com/U4SM/
=========================== logs ===========================
navigating to "https://sm-qa-d46.thesiscloud-lab.com/U4SM/", waiting until "load"
============================================================
    at FrameSession._navigate (C:\Users\SURYA~1.MAH\AppData\Local\Temp\playwright-java-10068779072447755860\package\lib\server\chromium\crPage.js:509:35)
    at async Frame._gotoAction (C:\Users\SURYA~1.MAH\AppData\Local\Temp\playwright-java-10068779072447755860\package\lib\server\frames.js:538:28)
    at async ProgressController.run (C:\Users\SURYA~1.MAH\AppData\Local\Temp\playwright-java-10068779072447755860\package\lib\server\progress.js:92:22)
    at async FrameDispatcher.goto (C:\Users\SURYA~1.MAH\AppData\Local\Temp\playwright-java-10068779072447755860\package\lib\server\dispatchers\frameDispatcher.js:75:103)
    at async DispatcherConnection.dispatch (C:\Users\SURYA~1.MAH\AppData\Local\Temp\playwright-java-10068779072447755860\package\lib\server\dispatchers\dispatcher.js:312:22)
}
at com.microsoft.playwright.impl.Connection.dispatch(Connection.java:226)
at com.microsoft.playwright.impl.Connection.processOneMessage(Connection.java:206)
at com.microsoft.playwright.impl.ChannelOwner.runUntil(ChannelOwner.java:109)
... 29 more
]]>
    </error>
  </testcase> <!-- setup -->
  <system-out/>
  <testcase classname="com.qa.thesis.tests.SetEnvVariable" name="Logout" time="30.051">
    <error message="Error {
  message=&#039;Timeout 30000ms exceeded.
=========================== logs ===========================
waiting for getByRole(AriaRole.BUTTON, new Page.GetByRoleOptions().setName(&quot;Logout&quot;))
============================================================
  name=&#039;TimeoutError
  stack=&#039;TimeoutError: Timeout 30000ms exceeded.
=========================== logs ===========================
waiting for getByRole(AriaRole.BUTTON, new Page.GetByRoleOptions().setName(&quot;Logout&quot;))
============================================================
    at ProgressController.run (C:\Users\SURYA~1.MAH\AppData\Local\Temp\playwright-java-10068779072447755860\package\lib\server\progress.js:88:26)
    at Frame.click (C:\Users\SURYA~1.MAH\AppData\Local\Temp\playwright-java-10068779072447755860\package\lib\server\frames.js:999:23)
    at FrameDispatcher.click (C:\Users\SURYA~1.MAH\AppData\Local\Temp\playwright-java-10068779072447755860\package\lib\server\dispatchers\frameDispatcher.js:149:30)
    at DispatcherConnection.dispatch (C:\Users\SURYA~1.MAH\AppData\Local\Temp\playwright-java-10068779072447755860\package\lib\server\dispatchers\dispatcher.js:312:46)
}" type="com.microsoft.playwright.TimeoutError">
      <![CDATA[com.microsoft.playwright.TimeoutError: Error {
  message='Timeout 30000ms exceeded.
=========================== logs ===========================
waiting for getByRole(AriaRole.BUTTON, new Page.GetByRoleOptions().setName("Logout"))
============================================================
  name='TimeoutError
  stack='TimeoutError: Timeout 30000ms exceeded.
=========================== logs ===========================
waiting for getByRole(AriaRole.BUTTON, new Page.GetByRoleOptions().setName("Logout"))
============================================================
    at ProgressController.run (C:\Users\SURYA~1.MAH\AppData\Local\Temp\playwright-java-10068779072447755860\package\lib\server\progress.js:88:26)
    at Frame.click (C:\Users\SURYA~1.MAH\AppData\Local\Temp\playwright-java-10068779072447755860\package\lib\server\frames.js:999:23)
    at FrameDispatcher.click (C:\Users\SURYA~1.MAH\AppData\Local\Temp\playwright-java-10068779072447755860\package\lib\server\dispatchers\frameDispatcher.js:149:30)
    at DispatcherConnection.dispatch (C:\Users\SURYA~1.MAH\AppData\Local\Temp\playwright-java-10068779072447755860\package\lib\server\dispatchers\dispatcher.js:312:46)
}
at com.microsoft.playwright.impl.WaitableResult.get(WaitableResult.java:52)
at com.microsoft.playwright.impl.ChannelOwner.runUntil(ChannelOwner.java:111)
at com.microsoft.playwright.impl.Connection.sendMessage(Connection.java:126)
at com.microsoft.playwright.impl.ChannelOwner.sendMessage(ChannelOwner.java:102)
at com.microsoft.playwright.impl.FrameImpl.clickImpl(FrameImpl.java:252)
at com.microsoft.playwright.impl.FrameImpl.lambda$click$8(FrameImpl.java:243)
at com.microsoft.playwright.impl.LoggingSupport.lambda$withLogging$0(LoggingSupport.java:36)
at com.microsoft.playwright.impl.LoggingSupport.withLogging(LoggingSupport.java:47)
at com.microsoft.playwright.impl.ChannelOwner.withLogging(ChannelOwner.java:87)
at com.microsoft.playwright.impl.LoggingSupport.withLogging(LoggingSupport.java:35)
at com.microsoft.playwright.impl.FrameImpl.click(FrameImpl.java:243)
at com.microsoft.playwright.impl.LocatorImpl.click(LocatorImpl.java:132)
at com.microsoft.playwright.Locator.click(Locator.java:2268)
at com.qa.thesis.pages.LoginPage.Logout(LoginPage.java:123)
at com.qa.thesis.base.BaseTest.Logout(BaseTest.java:35)
at java.base/jdk.internal.reflect.NativeMethodAccessorImpl.invoke0(Native Method)
at java.base/jdk.internal.reflect.NativeMethodAccessorImpl.invoke(NativeMethodAccessorImpl.java:77)
at java.base/jdk.internal.reflect.DelegatingMethodAccessorImpl.invoke(DelegatingMethodAccessorImpl.java:43)
at java.base/java.lang.reflect.Method.invoke(Method.java:568)
at org.testng.internal.invokers.MethodInvocationHelper.invokeMethod(MethodInvocationHelper.java:139)
at org.testng.internal.invokers.MethodInvocationHelper.invokeMethodConsideringTimeout(MethodInvocationHelper.java:69)
at org.testng.internal.invokers.ConfigInvoker.invokeConfigurationMethod(ConfigInvoker.java:361)
at org.testng.internal.invokers.ConfigInvoker.invokeConfigurations(ConfigInvoker.java:296)
at org.testng.internal.invokers.TestInvoker.runConfigMethods(TestInvoker.java:823)
at org.testng.internal.invokers.TestInvoker.runAfterConfigurations(TestInvoker.java:792)
at org.testng.internal.invokers.TestInvoker.invokeMethod(TestInvoker.java:768)
at org.testng.internal.invokers.TestInvoker.invokeTestMethod(TestInvoker.java:221)
at org.testng.internal.invokers.MethodRunner.runInSequence(MethodRunner.java:50)
at org.testng.internal.invokers.TestInvoker$MethodInvocationAgent.invoke(TestInvoker.java:969)
at org.testng.internal.invokers.TestInvoker.invokeTestMethods(TestInvoker.java:194)
at org.testng.internal.invokers.TestMethodWorker.invokeTestMethods(TestMethodWorker.java:148)
at org.testng.internal.invokers.TestMethodWorker.run(TestMethodWorker.java:128)
at java.base/java.util.ArrayList.forEach(ArrayList.java:1511)
at org.testng.TestRunner.privateRun(TestRunner.java:829)
at org.testng.TestRunner.run(TestRunner.java:602)
at org.testng.SuiteRunner.runTest(SuiteRunner.java:437)
at org.testng.SuiteRunner$SuiteWorker.run(SuiteRunner.java:475)
at org.testng.internal.thread.ThreadUtil.lambda$execute$0(ThreadUtil.java:58)
at java.base/java.util.concurrent.FutureTask.run(FutureTask.java:264)
at java.base/java.util.concurrent.ThreadPoolExecutor.runWorker(ThreadPoolExecutor.java:1136)
at java.base/java.util.concurrent.ThreadPoolExecutor$Worker.run(ThreadPoolExecutor.java:635)
at java.base/java.lang.Thread.run(Thread.java:833)
Caused by: com.microsoft.playwright.TimeoutError: Error {
  message='Timeout 30000ms exceeded.
=========================== logs ===========================
waiting for getByRole(AriaRole.BUTTON, new Page.GetByRoleOptions().setName("Logout"))
============================================================
  name='TimeoutError
  stack='TimeoutError: Timeout 30000ms exceeded.
=========================== logs ===========================
waiting for getByRole(AriaRole.BUTTON, new Page.GetByRoleOptions().setName("Logout"))
============================================================
    at ProgressController.run (C:\Users\SURYA~1.MAH\AppData\Local\Temp\playwright-java-10068779072447755860\package\lib\server\progress.js:88:26)
    at Frame.click (C:\Users\SURYA~1.MAH\AppData\Local\Temp\playwright-java-10068779072447755860\package\lib\server\frames.js:999:23)
    at FrameDispatcher.click (C:\Users\SURYA~1.MAH\AppData\Local\Temp\playwright-java-10068779072447755860\package\lib\server\dispatchers\frameDispatcher.js:149:30)
    at DispatcherConnection.dispatch (C:\Users\SURYA~1.MAH\AppData\Local\Temp\playwright-java-10068779072447755860\package\lib\server\dispatchers\dispatcher.js:312:46)
}
at com.microsoft.playwright.impl.Connection.dispatch(Connection.java:224)
at com.microsoft.playwright.impl.Connection.processOneMessage(Connection.java:206)
at com.microsoft.playwright.impl.ChannelOwner.runUntil(ChannelOwner.java:109)
... 40 more
]]>
    </error>
  </testcase> <!-- Logout -->
  <system-out/>
  <testcase classname="com.qa.thesis.tests.SetEnvVariable" name="SetDropCharge" time="0.001">
    <skipped/>
  </testcase> <!-- SetDropCharge -->
  <system-out/>
  <testcase classname="com.qa.thesis.tests.SetEnvVariable" name="SetDropCharge" time="33.651">
    <error message="Error {
  message=&#039;Timeout 30000ms exceeded.
=========================== logs ===========================
waiting for locator(&quot;xpath=//button[@title=&#039;System Management&#039;]&quot;)
============================================================
  name=&#039;TimeoutError
  stack=&#039;TimeoutError: Timeout 30000ms exceeded.
=========================== logs ===========================
waiting for locator(&quot;xpath=//button[@title=&#039;System Management&#039;]&quot;)
============================================================
    at ProgressController.run (C:\Users\SURYA~1.MAH\AppData\Local\Temp\playwright-java-10068779072447755860\package\lib\server\progress.js:88:26)
    at Frame.click (C:\Users\SURYA~1.MAH\AppData\Local\Temp\playwright-java-10068779072447755860\package\lib\server\frames.js:999:23)
    at FrameDispatcher.click (C:\Users\SURYA~1.MAH\AppData\Local\Temp\playwright-java-10068779072447755860\package\lib\server\dispatchers\frameDispatcher.js:149:30)
    at DispatcherConnection.dispatch (C:\Users\SURYA~1.MAH\AppData\Local\Temp\playwright-java-10068779072447755860\package\lib\server\dispatchers\dispatcher.js:312:46)
}" type="com.microsoft.playwright.TimeoutError">
      <![CDATA[com.microsoft.playwright.TimeoutError: Error {
  message='Timeout 30000ms exceeded.
=========================== logs ===========================
waiting for locator("xpath=//button[@title='System Management']")
============================================================
  name='TimeoutError
  stack='TimeoutError: Timeout 30000ms exceeded.
=========================== logs ===========================
waiting for locator("xpath=//button[@title='System Management']")
============================================================
    at ProgressController.run (C:\Users\SURYA~1.MAH\AppData\Local\Temp\playwright-java-10068779072447755860\package\lib\server\progress.js:88:26)
    at Frame.click (C:\Users\SURYA~1.MAH\AppData\Local\Temp\playwright-java-10068779072447755860\package\lib\server\frames.js:999:23)
    at FrameDispatcher.click (C:\Users\SURYA~1.MAH\AppData\Local\Temp\playwright-java-10068779072447755860\package\lib\server\dispatchers\frameDispatcher.js:149:30)
    at DispatcherConnection.dispatch (C:\Users\SURYA~1.MAH\AppData\Local\Temp\playwright-java-10068779072447755860\package\lib\server\dispatchers\dispatcher.js:312:46)
}
at com.microsoft.playwright.impl.WaitableResult.get(WaitableResult.java:52)
at com.microsoft.playwright.impl.ChannelOwner.runUntil(ChannelOwner.java:111)
at com.microsoft.playwright.impl.Connection.sendMessage(Connection.java:126)
at com.microsoft.playwright.impl.ChannelOwner.sendMessage(ChannelOwner.java:102)
at com.microsoft.playwright.impl.FrameImpl.clickImpl(FrameImpl.java:252)
at com.microsoft.playwright.impl.PageImpl.lambda$click$17(PageImpl.java:603)
at com.microsoft.playwright.impl.LoggingSupport.lambda$withLogging$0(LoggingSupport.java:36)
at com.microsoft.playwright.impl.LoggingSupport.withLogging(LoggingSupport.java:47)
at com.microsoft.playwright.impl.ChannelOwner.withLogging(ChannelOwner.java:87)
at com.microsoft.playwright.impl.LoggingSupport.withLogging(LoggingSupport.java:35)
at com.microsoft.playwright.impl.PageImpl.click(PageImpl.java:602)
at com.microsoft.playwright.Page.click(Page.java:3723)
at com.qa.thesis.pages.LoginPage.NavigateToApplicationSetting(LoginPage.java:178)
at com.qa.thesis.tests.SetEnvVariable.SetDropCharge(SetEnvVariable.java:17)
at java.base/jdk.internal.reflect.NativeMethodAccessorImpl.invoke0(Native Method)
at java.base/jdk.internal.reflect.NativeMethodAccessorImpl.invoke(NativeMethodAccessorImpl.java:77)
at java.base/jdk.internal.reflect.DelegatingMethodAccessorImpl.invoke(DelegatingMethodAccessorImpl.java:43)
at java.base/java.lang.reflect.Method.invoke(Method.java:568)
at org.testng.internal.invokers.MethodInvocationHelper.invokeMethod(MethodInvocationHelper.java:139)
at org.testng.internal.invokers.TestInvoker.invokeMethod(TestInvoker.java:677)
at org.testng.internal.invokers.TestInvoker.invokeTestMethod(TestInvoker.java:221)
at org.testng.internal.invokers.MethodRunner.runInSequence(MethodRunner.java:50)
at org.testng.internal.invokers.TestInvoker$MethodInvocationAgent.invoke(TestInvoker.java:969)
at org.testng.internal.invokers.TestInvoker.invokeTestMethods(TestInvoker.java:194)
at org.testng.internal.invokers.TestMethodWorker.invokeTestMethods(TestMethodWorker.java:148)
at org.testng.internal.invokers.TestMethodWorker.run(TestMethodWorker.java:128)
at java.base/java.util.ArrayList.forEach(ArrayList.java:1511)
at org.testng.TestRunner.privateRun(TestRunner.java:829)
at org.testng.TestRunner.run(TestRunner.java:602)
at org.testng.SuiteRunner.runTest(SuiteRunner.java:437)
at org.testng.SuiteRunner$SuiteWorker.run(SuiteRunner.java:475)
at org.testng.internal.thread.ThreadUtil.lambda$execute$0(ThreadUtil.java:58)
at java.base/java.util.concurrent.FutureTask.run(FutureTask.java:264)
at java.base/java.util.concurrent.ThreadPoolExecutor.runWorker(ThreadPoolExecutor.java:1136)
at java.base/java.util.concurrent.ThreadPoolExecutor$Worker.run(ThreadPoolExecutor.java:635)
at java.base/java.lang.Thread.run(Thread.java:833)
Caused by: com.microsoft.playwright.TimeoutError: Error {
  message='Timeout 30000ms exceeded.
=========================== logs ===========================
waiting for locator("xpath=//button[@title='System Management']")
============================================================
  name='TimeoutError
  stack='TimeoutError: Timeout 30000ms exceeded.
=========================== logs ===========================
waiting for locator("xpath=//button[@title='System Management']")
============================================================
    at ProgressController.run (C:\Users\SURYA~1.MAH\AppData\Local\Temp\playwright-java-10068779072447755860\package\lib\server\progress.js:88:26)
    at Frame.click (C:\Users\SURYA~1.MAH\AppData\Local\Temp\playwright-java-10068779072447755860\package\lib\server\frames.js:999:23)
    at FrameDispatcher.click (C:\Users\SURYA~1.MAH\AppData\Local\Temp\playwright-java-10068779072447755860\package\lib\server\dispatchers\frameDispatcher.js:149:30)
    at DispatcherConnection.dispatch (C:\Users\SURYA~1.MAH\AppData\Local\Temp\playwright-java-10068779072447755860\package\lib\server\dispatchers\dispatcher.js:312:46)
}
at com.microsoft.playwright.impl.Connection.dispatch(Connection.java:224)
at com.microsoft.playwright.impl.Connection.processOneMessage(Connection.java:206)
at com.microsoft.playwright.impl.ChannelOwner.runUntil(ChannelOwner.java:109)
... 34 more
]]>
    </error>
  </testcase> <!-- SetDropCharge -->
  <system-out/>
  <testcase classname="com.qa.thesis.tests.SetEnvVariable" name="SetDropCharge" time="32.466">
    <error message="Error {
  message=&#039;Timeout 30000ms exceeded.
=========================== logs ===========================
waiting for locator(&quot;xpath=//input[@value=&#039;Agree&#039;]&quot;)
  locator resolved to &lt;input value=&quot;Agree&quot; type=&quot;submit&quot; class=&quot;confirmBtn&quot;/&gt;
attempting click action
  waiting for element to be visible, enabled and stable
  element is visible, enabled and stable
  scrolling into view if needed
  done scrolling
  performing click action
============================================================
  name=&#039;TimeoutError
  stack=&#039;TimeoutError: Timeout 30000ms exceeded.
=========================== logs ===========================
waiting for locator(&quot;xpath=//input[@value=&#039;Agree&#039;]&quot;)
  locator resolved to &lt;input value=&quot;Agree&quot; type=&quot;submit&quot; class=&quot;confirmBtn&quot;/&gt;
attempting click action
  waiting for element to be visible, enabled and stable
  element is visible, enabled and stable
  scrolling into view if needed
  done scrolling
  performing click action
============================================================
    at ProgressController.run (C:\Users\SURYA~1.MAH\AppData\Local\Temp\playwright-java-10068779072447755860\package\lib\server\progress.js:88:26)
    at Frame.click (C:\Users\SURYA~1.MAH\AppData\Local\Temp\playwright-java-10068779072447755860\package\lib\server\frames.js:999:23)
    at FrameDispatcher.click (C:\Users\SURYA~1.MAH\AppData\Local\Temp\playwright-java-10068779072447755860\package\lib\server\dispatchers\frameDispatcher.js:149:30)
    at DispatcherConnection.dispatch (C:\Users\SURYA~1.MAH\AppData\Local\Temp\playwright-java-10068779072447755860\package\lib\server\dispatchers\dispatcher.js:312:46)
}" type="com.microsoft.playwright.TimeoutError">
      <![CDATA[com.microsoft.playwright.TimeoutError: Error {
  message='Timeout 30000ms exceeded.
=========================== logs ===========================
waiting for locator("xpath=//input[@value='Agree']")
  locator resolved to <input value="Agree" type="submit" class="confirmBtn"/>
attempting click action
  waiting for element to be visible, enabled and stable
  element is visible, enabled and stable
  scrolling into view if needed
  done scrolling
  performing click action
============================================================
  name='TimeoutError
  stack='TimeoutError: Timeout 30000ms exceeded.
=========================== logs ===========================
waiting for locator("xpath=//input[@value='Agree']")
  locator resolved to <input value="Agree" type="submit" class="confirmBtn"/>
attempting click action
  waiting for element to be visible, enabled and stable
  element is visible, enabled and stable
  scrolling into view if needed
  done scrolling
  performing click action
============================================================
    at ProgressController.run (C:\Users\SURYA~1.MAH\AppData\Local\Temp\playwright-java-10068779072447755860\package\lib\server\progress.js:88:26)
    at Frame.click (C:\Users\SURYA~1.MAH\AppData\Local\Temp\playwright-java-10068779072447755860\package\lib\server\frames.js:999:23)
    at FrameDispatcher.click (C:\Users\SURYA~1.MAH\AppData\Local\Temp\playwright-java-10068779072447755860\package\lib\server\dispatchers\frameDispatcher.js:149:30)
    at DispatcherConnection.dispatch (C:\Users\SURYA~1.MAH\AppData\Local\Temp\playwright-java-10068779072447755860\package\lib\server\dispatchers\dispatcher.js:312:46)
}
at com.microsoft.playwright.impl.WaitableResult.get(WaitableResult.java:52)
at com.microsoft.playwright.impl.ChannelOwner.runUntil(ChannelOwner.java:111)
at com.microsoft.playwright.impl.Connection.sendMessage(Connection.java:126)
at com.microsoft.playwright.impl.ChannelOwner.sendMessage(ChannelOwner.java:102)
at com.microsoft.playwright.impl.FrameImpl.clickImpl(FrameImpl.java:252)
at com.microsoft.playwright.impl.PageImpl.lambda$click$17(PageImpl.java:603)
at com.microsoft.playwright.impl.LoggingSupport.lambda$withLogging$0(LoggingSupport.java:36)
at com.microsoft.playwright.impl.LoggingSupport.withLogging(LoggingSupport.java:47)
at com.microsoft.playwright.impl.ChannelOwner.withLogging(ChannelOwner.java:87)
at com.microsoft.playwright.impl.LoggingSupport.withLogging(LoggingSupport.java:35)
at com.microsoft.playwright.impl.PageImpl.click(PageImpl.java:602)
at com.microsoft.playwright.Page.click(Page.java:3723)
at com.qa.thesis.pages.LoginPage.clickAgree(LoginPage.java:33)
at com.qa.thesis.tests.SetEnvVariable.SetDropCharge(SetEnvVariable.java:16)
at java.base/jdk.internal.reflect.NativeMethodAccessorImpl.invoke0(Native Method)
at java.base/jdk.internal.reflect.NativeMethodAccessorImpl.invoke(NativeMethodAccessorImpl.java:77)
at java.base/jdk.internal.reflect.DelegatingMethodAccessorImpl.invoke(DelegatingMethodAccessorImpl.java:43)
at java.base/java.lang.reflect.Method.invoke(Method.java:568)
at org.testng.internal.invokers.MethodInvocationHelper.invokeMethod(MethodInvocationHelper.java:139)
at org.testng.internal.invokers.TestInvoker.invokeMethod(TestInvoker.java:677)
at org.testng.internal.invokers.TestInvoker.invokeTestMethod(TestInvoker.java:221)
at org.testng.internal.invokers.MethodRunner.runInSequence(MethodRunner.java:50)
at org.testng.internal.invokers.TestInvoker$MethodInvocationAgent.invoke(TestInvoker.java:969)
at org.testng.internal.invokers.TestInvoker.invokeTestMethods(TestInvoker.java:194)
at org.testng.internal.invokers.TestMethodWorker.invokeTestMethods(TestMethodWorker.java:148)
at org.testng.internal.invokers.TestMethodWorker.run(TestMethodWorker.java:128)
at java.base/java.util.ArrayList.forEach(ArrayList.java:1511)
at org.testng.TestRunner.privateRun(TestRunner.java:829)
at org.testng.TestRunner.run(TestRunner.java:602)
at org.testng.SuiteRunner.runTest(SuiteRunner.java:437)
at org.testng.SuiteRunner$SuiteWorker.run(SuiteRunner.java:475)
at org.testng.internal.thread.ThreadUtil.lambda$execute$0(ThreadUtil.java:58)
at java.base/java.util.concurrent.FutureTask.run(FutureTask.java:264)
at java.base/java.util.concurrent.ThreadPoolExecutor.runWorker(ThreadPoolExecutor.java:1136)
at java.base/java.util.concurrent.ThreadPoolExecutor$Worker.run(ThreadPoolExecutor.java:635)
at java.base/java.lang.Thread.run(Thread.java:833)
Caused by: com.microsoft.playwright.TimeoutError: Error {
  message='Timeout 30000ms exceeded.
=========================== logs ===========================
waiting for locator("xpath=//input[@value='Agree']")
  locator resolved to <input value="Agree" type="submit" class="confirmBtn"/>
attempting click action
  waiting for element to be visible, enabled and stable
  element is visible, enabled and stable
  scrolling into view if needed
  done scrolling
  performing click action
============================================================
  name='TimeoutError
  stack='TimeoutError: Timeout 30000ms exceeded.
=========================== logs ===========================
waiting for locator("xpath=//input[@value='Agree']")
  locator resolved to <input value="Agree" type="submit" class="confirmBtn"/>
attempting click action
  waiting for element to be visible, enabled and stable
  element is visible, enabled and stable
  scrolling into view if needed
  done scrolling
  performing click action
============================================================
    at ProgressController.run (C:\Users\SURYA~1.MAH\AppData\Local\Temp\playwright-java-10068779072447755860\package\lib\server\progress.js:88:26)
    at Frame.click (C:\Users\SURYA~1.MAH\AppData\Local\Temp\playwright-java-10068779072447755860\package\lib\server\frames.js:999:23)
    at FrameDispatcher.click (C:\Users\SURYA~1.MAH\AppData\Local\Temp\playwright-java-10068779072447755860\package\lib\server\dispatchers\frameDispatcher.js:149:30)
    at DispatcherConnection.dispatch (C:\Users\SURYA~1.MAH\AppData\Local\Temp\playwright-java-10068779072447755860\package\lib\server\dispatchers\dispatcher.js:312:46)
}
at com.microsoft.playwright.impl.Connection.dispatch(Connection.java:224)
at com.microsoft.playwright.impl.Connection.processOneMessage(Connection.java:206)
at com.microsoft.playwright.impl.ChannelOwner.runUntil(ChannelOwner.java:109)
... 34 more
]]>
    </error>
  </testcase> <!-- SetDropCharge -->
  <system-out/>
  <testcase classname="com.qa.thesis.tests.SetEnvVariable" name="Logout" time="54.820">
    <error message="Error {
  message=&#039;Timeout 30000ms exceeded.
=========================== logs ===========================
waiting for getByRole(AriaRole.BUTTON, new Page.GetByRoleOptions().setName(&quot;Logout&quot;))
============================================================
  name=&#039;TimeoutError
  stack=&#039;TimeoutError: Timeout 30000ms exceeded.
=========================== logs ===========================
waiting for getByRole(AriaRole.BUTTON, new Page.GetByRoleOptions().setName(&quot;Logout&quot;))
============================================================
    at ProgressController.run (C:\Users\SURYA~1.MAH\AppData\Local\Temp\playwright-java-10068779072447755860\package\lib\server\progress.js:88:26)
    at Frame.click (C:\Users\SURYA~1.MAH\AppData\Local\Temp\playwright-java-10068779072447755860\package\lib\server\frames.js:999:23)
    at FrameDispatcher.click (C:\Users\SURYA~1.MAH\AppData\Local\Temp\playwright-java-10068779072447755860\package\lib\server\dispatchers\frameDispatcher.js:149:30)
    at DispatcherConnection.dispatch (C:\Users\SURYA~1.MAH\AppData\Local\Temp\playwright-java-10068779072447755860\package\lib\server\dispatchers\dispatcher.js:312:46)
}" type="com.microsoft.playwright.TimeoutError">
      <![CDATA[com.microsoft.playwright.TimeoutError: Error {
  message='Timeout 30000ms exceeded.
=========================== logs ===========================
waiting for getByRole(AriaRole.BUTTON, new Page.GetByRoleOptions().setName("Logout"))
============================================================
  name='TimeoutError
  stack='TimeoutError: Timeout 30000ms exceeded.
=========================== logs ===========================
waiting for getByRole(AriaRole.BUTTON, new Page.GetByRoleOptions().setName("Logout"))
============================================================
    at ProgressController.run (C:\Users\SURYA~1.MAH\AppData\Local\Temp\playwright-java-10068779072447755860\package\lib\server\progress.js:88:26)
    at Frame.click (C:\Users\SURYA~1.MAH\AppData\Local\Temp\playwright-java-10068779072447755860\package\lib\server\frames.js:999:23)
    at FrameDispatcher.click (C:\Users\SURYA~1.MAH\AppData\Local\Temp\playwright-java-10068779072447755860\package\lib\server\dispatchers\frameDispatcher.js:149:30)
    at DispatcherConnection.dispatch (C:\Users\SURYA~1.MAH\AppData\Local\Temp\playwright-java-10068779072447755860\package\lib\server\dispatchers\dispatcher.js:312:46)
}
at com.microsoft.playwright.impl.WaitableResult.get(WaitableResult.java:52)
at com.microsoft.playwright.impl.ChannelOwner.runUntil(ChannelOwner.java:111)
at com.microsoft.playwright.impl.Connection.sendMessage(Connection.java:126)
at com.microsoft.playwright.impl.ChannelOwner.sendMessage(ChannelOwner.java:102)
at com.microsoft.playwright.impl.FrameImpl.clickImpl(FrameImpl.java:252)
at com.microsoft.playwright.impl.FrameImpl.lambda$click$8(FrameImpl.java:243)
at com.microsoft.playwright.impl.LoggingSupport.lambda$withLogging$0(LoggingSupport.java:36)
at com.microsoft.playwright.impl.LoggingSupport.withLogging(LoggingSupport.java:47)
at com.microsoft.playwright.impl.ChannelOwner.withLogging(ChannelOwner.java:87)
at com.microsoft.playwright.impl.LoggingSupport.withLogging(LoggingSupport.java:35)
at com.microsoft.playwright.impl.FrameImpl.click(FrameImpl.java:243)
at com.microsoft.playwright.impl.LocatorImpl.click(LocatorImpl.java:132)
at com.microsoft.playwright.Locator.click(Locator.java:2268)
at com.qa.thesis.pages.LoginPage.Logout(LoginPage.java:123)
at com.qa.thesis.base.BaseTest.Logout(BaseTest.java:35)
at java.base/jdk.internal.reflect.NativeMethodAccessorImpl.invoke0(Native Method)
at java.base/jdk.internal.reflect.NativeMethodAccessorImpl.invoke(NativeMethodAccessorImpl.java:77)
at java.base/jdk.internal.reflect.DelegatingMethodAccessorImpl.invoke(DelegatingMethodAccessorImpl.java:43)
at java.base/java.lang.reflect.Method.invoke(Method.java:568)
at org.testng.internal.invokers.MethodInvocationHelper.invokeMethod(MethodInvocationHelper.java:139)
at org.testng.internal.invokers.MethodInvocationHelper.invokeMethodConsideringTimeout(MethodInvocationHelper.java:69)
at org.testng.internal.invokers.ConfigInvoker.invokeConfigurationMethod(ConfigInvoker.java:361)
at org.testng.internal.invokers.ConfigInvoker.invokeConfigurations(ConfigInvoker.java:296)
at org.testng.internal.invokers.TestInvoker.runConfigMethods(TestInvoker.java:823)
at org.testng.internal.invokers.TestInvoker.runAfterConfigurations(TestInvoker.java:792)
at org.testng.internal.invokers.TestInvoker.invokeMethod(TestInvoker.java:768)
at org.testng.internal.invokers.TestInvoker.invokeTestMethod(TestInvoker.java:221)
at org.testng.internal.invokers.MethodRunner.runInSequence(MethodRunner.java:50)
at org.testng.internal.invokers.TestInvoker$MethodInvocationAgent.invoke(TestInvoker.java:969)
at org.testng.internal.invokers.TestInvoker.invokeTestMethods(TestInvoker.java:194)
at org.testng.internal.invokers.TestMethodWorker.invokeTestMethods(TestMethodWorker.java:148)
at org.testng.internal.invokers.TestMethodWorker.run(TestMethodWorker.java:128)
at java.base/java.util.ArrayList.forEach(ArrayList.java:1511)
at org.testng.TestRunner.privateRun(TestRunner.java:829)
at org.testng.TestRunner.run(TestRunner.java:602)
at org.testng.SuiteRunner.runTest(SuiteRunner.java:437)
at org.testng.SuiteRunner$SuiteWorker.run(SuiteRunner.java:475)
at org.testng.internal.thread.ThreadUtil.lambda$execute$0(ThreadUtil.java:58)
at java.base/java.util.concurrent.FutureTask.run(FutureTask.java:264)
at java.base/java.util.concurrent.ThreadPoolExecutor.runWorker(ThreadPoolExecutor.java:1136)
at java.base/java.util.concurrent.ThreadPoolExecutor$Worker.run(ThreadPoolExecutor.java:635)
at java.base/java.lang.Thread.run(Thread.java:833)
Caused by: com.microsoft.playwright.TimeoutError: Error {
  message='Timeout 30000ms exceeded.
=========================== logs ===========================
waiting for getByRole(AriaRole.BUTTON, new Page.GetByRoleOptions().setName("Logout"))
============================================================
  name='TimeoutError
  stack='TimeoutError: Timeout 30000ms exceeded.
=========================== logs ===========================
waiting for getByRole(AriaRole.BUTTON, new Page.GetByRoleOptions().setName("Logout"))
============================================================
    at ProgressController.run (C:\Users\SURYA~1.MAH\AppData\Local\Temp\playwright-java-10068779072447755860\package\lib\server\progress.js:88:26)
    at Frame.click (C:\Users\SURYA~1.MAH\AppData\Local\Temp\playwright-java-10068779072447755860\package\lib\server\frames.js:999:23)
    at FrameDispatcher.click (C:\Users\SURYA~1.MAH\AppData\Local\Temp\playwright-java-10068779072447755860\package\lib\server\dispatchers\frameDispatcher.js:149:30)
    at DispatcherConnection.dispatch (C:\Users\SURYA~1.MAH\AppData\Local\Temp\playwright-java-10068779072447755860\package\lib\server\dispatchers\dispatcher.js:312:46)
}
at com.microsoft.playwright.impl.Connection.dispatch(Connection.java:224)
at com.microsoft.playwright.impl.Connection.processOneMessage(Connection.java:206)
at com.microsoft.playwright.impl.ChannelOwner.runUntil(ChannelOwner.java:109)
... 40 more
]]>
    </error>
  </testcase> <!-- Logout -->
  <system-out/>
  <testcase classname="com.qa.thesis.tests.SetEnvVariable" name="SetDropCharge" time="37.526">
    <error message="Error {
  message=&#039;Timeout 30000ms exceeded.
=========================== logs ===========================
waiting for locator(&quot;xpath=//button[@title=&#039;System Management&#039;]&quot;)
============================================================
  name=&#039;TimeoutError
  stack=&#039;TimeoutError: Timeout 30000ms exceeded.
=========================== logs ===========================
waiting for locator(&quot;xpath=//button[@title=&#039;System Management&#039;]&quot;)
============================================================
    at ProgressController.run (C:\Users\SURYA~1.MAH\AppData\Local\Temp\playwright-java-10068779072447755860\package\lib\server\progress.js:88:26)
    at Frame.click (C:\Users\SURYA~1.MAH\AppData\Local\Temp\playwright-java-10068779072447755860\package\lib\server\frames.js:999:23)
    at FrameDispatcher.click (C:\Users\SURYA~1.MAH\AppData\Local\Temp\playwright-java-10068779072447755860\package\lib\server\dispatchers\frameDispatcher.js:149:30)
    at DispatcherConnection.dispatch (C:\Users\SURYA~1.MAH\AppData\Local\Temp\playwright-java-10068779072447755860\package\lib\server\dispatchers\dispatcher.js:312:46)
}" type="com.microsoft.playwright.TimeoutError">
      <![CDATA[com.microsoft.playwright.TimeoutError: Error {
  message='Timeout 30000ms exceeded.
=========================== logs ===========================
waiting for locator("xpath=//button[@title='System Management']")
============================================================
  name='TimeoutError
  stack='TimeoutError: Timeout 30000ms exceeded.
=========================== logs ===========================
waiting for locator("xpath=//button[@title='System Management']")
============================================================
    at ProgressController.run (C:\Users\SURYA~1.MAH\AppData\Local\Temp\playwright-java-10068779072447755860\package\lib\server\progress.js:88:26)
    at Frame.click (C:\Users\SURYA~1.MAH\AppData\Local\Temp\playwright-java-10068779072447755860\package\lib\server\frames.js:999:23)
    at FrameDispatcher.click (C:\Users\SURYA~1.MAH\AppData\Local\Temp\playwright-java-10068779072447755860\package\lib\server\dispatchers\frameDispatcher.js:149:30)
    at DispatcherConnection.dispatch (C:\Users\SURYA~1.MAH\AppData\Local\Temp\playwright-java-10068779072447755860\package\lib\server\dispatchers\dispatcher.js:312:46)
}
at com.microsoft.playwright.impl.WaitableResult.get(WaitableResult.java:52)
at com.microsoft.playwright.impl.ChannelOwner.runUntil(ChannelOwner.java:111)
at com.microsoft.playwright.impl.Connection.sendMessage(Connection.java:126)
at com.microsoft.playwright.impl.ChannelOwner.sendMessage(ChannelOwner.java:102)
at com.microsoft.playwright.impl.FrameImpl.clickImpl(FrameImpl.java:252)
at com.microsoft.playwright.impl.PageImpl.lambda$click$17(PageImpl.java:603)
at com.microsoft.playwright.impl.LoggingSupport.lambda$withLogging$0(LoggingSupport.java:36)
at com.microsoft.playwright.impl.LoggingSupport.withLogging(LoggingSupport.java:47)
at com.microsoft.playwright.impl.ChannelOwner.withLogging(ChannelOwner.java:87)
at com.microsoft.playwright.impl.LoggingSupport.withLogging(LoggingSupport.java:35)
at com.microsoft.playwright.impl.PageImpl.click(PageImpl.java:602)
at com.microsoft.playwright.Page.click(Page.java:3723)
at com.qa.thesis.pages.LoginPage.NavigateToApplicationSetting(LoginPage.java:178)
at com.qa.thesis.tests.SetEnvVariable.SetDropCharge(SetEnvVariable.java:17)
at java.base/jdk.internal.reflect.NativeMethodAccessorImpl.invoke0(Native Method)
at java.base/jdk.internal.reflect.NativeMethodAccessorImpl.invoke(NativeMethodAccessorImpl.java:77)
at java.base/jdk.internal.reflect.DelegatingMethodAccessorImpl.invoke(DelegatingMethodAccessorImpl.java:43)
at java.base/java.lang.reflect.Method.invoke(Method.java:568)
at org.testng.internal.invokers.MethodInvocationHelper.invokeMethod(MethodInvocationHelper.java:139)
at org.testng.internal.invokers.TestInvoker.invokeMethod(TestInvoker.java:677)
at org.testng.internal.invokers.TestInvoker.invokeTestMethod(TestInvoker.java:221)
at org.testng.internal.invokers.MethodRunner.runInSequence(MethodRunner.java:50)
at org.testng.internal.invokers.TestInvoker$MethodInvocationAgent.invoke(TestInvoker.java:969)
at org.testng.internal.invokers.TestInvoker.invokeTestMethods(TestInvoker.java:194)
at org.testng.internal.invokers.TestMethodWorker.invokeTestMethods(TestMethodWorker.java:148)
at org.testng.internal.invokers.TestMethodWorker.run(TestMethodWorker.java:128)
at java.base/java.util.ArrayList.forEach(ArrayList.java:1511)
at org.testng.TestRunner.privateRun(TestRunner.java:829)
at org.testng.TestRunner.run(TestRunner.java:602)
at org.testng.SuiteRunner.runTest(SuiteRunner.java:437)
at org.testng.SuiteRunner$SuiteWorker.run(SuiteRunner.java:475)
at org.testng.internal.thread.ThreadUtil.lambda$execute$0(ThreadUtil.java:58)
at java.base/java.util.concurrent.FutureTask.run(FutureTask.java:264)
at java.base/java.util.concurrent.ThreadPoolExecutor.runWorker(ThreadPoolExecutor.java:1136)
at java.base/java.util.concurrent.ThreadPoolExecutor$Worker.run(ThreadPoolExecutor.java:635)
at java.base/java.lang.Thread.run(Thread.java:833)
Caused by: com.microsoft.playwright.TimeoutError: Error {
  message='Timeout 30000ms exceeded.
=========================== logs ===========================
waiting for locator("xpath=//button[@title='System Management']")
============================================================
  name='TimeoutError
  stack='TimeoutError: Timeout 30000ms exceeded.
=========================== logs ===========================
waiting for locator("xpath=//button[@title='System Management']")
============================================================
    at ProgressController.run (C:\Users\SURYA~1.MAH\AppData\Local\Temp\playwright-java-10068779072447755860\package\lib\server\progress.js:88:26)
    at Frame.click (C:\Users\SURYA~1.MAH\AppData\Local\Temp\playwright-java-10068779072447755860\package\lib\server\frames.js:999:23)
    at FrameDispatcher.click (C:\Users\SURYA~1.MAH\AppData\Local\Temp\playwright-java-10068779072447755860\package\lib\server\dispatchers\frameDispatcher.js:149:30)
    at DispatcherConnection.dispatch (C:\Users\SURYA~1.MAH\AppData\Local\Temp\playwright-java-10068779072447755860\package\lib\server\dispatchers\dispatcher.js:312:46)
}
at com.microsoft.playwright.impl.Connection.dispatch(Connection.java:224)
at com.microsoft.playwright.impl.Connection.processOneMessage(Connection.java:206)
at com.microsoft.playwright.impl.ChannelOwner.runUntil(ChannelOwner.java:109)
... 34 more
]]>
    </error>
  </testcase> <!-- SetDropCharge -->
  <system-out/>
  <testcase classname="com.qa.thesis.tests.SetEnvVariable" name="SetDropCharge" time="35.946">
    <error message="Error {
  message=&#039;Timeout 30000ms exceeded.
=========================== logs ===========================
waiting for locator(&quot;xpath=//input[@value=&#039;Agree&#039;]&quot;)
  locator resolved to &lt;input value=&quot;Agree&quot; type=&quot;submit&quot; class=&quot;confirmBtn&quot;/&gt;
attempting click action
  waiting for element to be visible, enabled and stable
  element is visible, enabled and stable
  scrolling into view if needed
  done scrolling
  performing click action
  click action done
  waiting for scheduled navigations to finish
============================================================
  name=&#039;TimeoutError
  stack=&#039;TimeoutError: Timeout 30000ms exceeded.
=========================== logs ===========================
waiting for locator(&quot;xpath=//input[@value=&#039;Agree&#039;]&quot;)
  locator resolved to &lt;input value=&quot;Agree&quot; type=&quot;submit&quot; class=&quot;confirmBtn&quot;/&gt;
attempting click action
  waiting for element to be visible, enabled and stable
  element is visible, enabled and stable
  scrolling into view if needed
  done scrolling
  performing click action
  click action done
  waiting for scheduled navigations to finish
============================================================
    at ProgressController.run (C:\Users\SURYA~1.MAH\AppData\Local\Temp\playwright-java-10068779072447755860\package\lib\server\progress.js:88:26)
    at Frame.click (C:\Users\SURYA~1.MAH\AppData\Local\Temp\playwright-java-10068779072447755860\package\lib\server\frames.js:999:23)
    at FrameDispatcher.click (C:\Users\SURYA~1.MAH\AppData\Local\Temp\playwright-java-10068779072447755860\package\lib\server\dispatchers\frameDispatcher.js:149:30)
    at DispatcherConnection.dispatch (C:\Users\SURYA~1.MAH\AppData\Local\Temp\playwright-java-10068779072447755860\package\lib\server\dispatchers\dispatcher.js:312:46)
}" type="com.microsoft.playwright.TimeoutError">
      <![CDATA[com.microsoft.playwright.TimeoutError: Error {
  message='Timeout 30000ms exceeded.
=========================== logs ===========================
waiting for locator("xpath=//input[@value='Agree']")
  locator resolved to <input value="Agree" type="submit" class="confirmBtn"/>
attempting click action
  waiting for element to be visible, enabled and stable
  element is visible, enabled and stable
  scrolling into view if needed
  done scrolling
  performing click action
  click action done
  waiting for scheduled navigations to finish
============================================================
  name='TimeoutError
  stack='TimeoutError: Timeout 30000ms exceeded.
=========================== logs ===========================
waiting for locator("xpath=//input[@value='Agree']")
  locator resolved to <input value="Agree" type="submit" class="confirmBtn"/>
attempting click action
  waiting for element to be visible, enabled and stable
  element is visible, enabled and stable
  scrolling into view if needed
  done scrolling
  performing click action
  click action done
  waiting for scheduled navigations to finish
============================================================
    at ProgressController.run (C:\Users\SURYA~1.MAH\AppData\Local\Temp\playwright-java-10068779072447755860\package\lib\server\progress.js:88:26)
    at Frame.click (C:\Users\SURYA~1.MAH\AppData\Local\Temp\playwright-java-10068779072447755860\package\lib\server\frames.js:999:23)
    at FrameDispatcher.click (C:\Users\SURYA~1.MAH\AppData\Local\Temp\playwright-java-10068779072447755860\package\lib\server\dispatchers\frameDispatcher.js:149:30)
    at DispatcherConnection.dispatch (C:\Users\SURYA~1.MAH\AppData\Local\Temp\playwright-java-10068779072447755860\package\lib\server\dispatchers\dispatcher.js:312:46)
}
at com.microsoft.playwright.impl.WaitableResult.get(WaitableResult.java:52)
at com.microsoft.playwright.impl.ChannelOwner.runUntil(ChannelOwner.java:111)
at com.microsoft.playwright.impl.Connection.sendMessage(Connection.java:126)
at com.microsoft.playwright.impl.ChannelOwner.sendMessage(ChannelOwner.java:102)
at com.microsoft.playwright.impl.FrameImpl.clickImpl(FrameImpl.java:252)
at com.microsoft.playwright.impl.PageImpl.lambda$click$17(PageImpl.java:603)
at com.microsoft.playwright.impl.LoggingSupport.lambda$withLogging$0(LoggingSupport.java:36)
at com.microsoft.playwright.impl.LoggingSupport.withLogging(LoggingSupport.java:47)
at com.microsoft.playwright.impl.ChannelOwner.withLogging(ChannelOwner.java:87)
at com.microsoft.playwright.impl.LoggingSupport.withLogging(LoggingSupport.java:35)
at com.microsoft.playwright.impl.PageImpl.click(PageImpl.java:602)
at com.microsoft.playwright.Page.click(Page.java:3723)
at com.qa.thesis.pages.LoginPage.clickAgree(LoginPage.java:33)
at com.qa.thesis.tests.SetEnvVariable.SetDropCharge(SetEnvVariable.java:16)
at java.base/jdk.internal.reflect.NativeMethodAccessorImpl.invoke0(Native Method)
at java.base/jdk.internal.reflect.NativeMethodAccessorImpl.invoke(NativeMethodAccessorImpl.java:77)
at java.base/jdk.internal.reflect.DelegatingMethodAccessorImpl.invoke(DelegatingMethodAccessorImpl.java:43)
at java.base/java.lang.reflect.Method.invoke(Method.java:568)
at org.testng.internal.invokers.MethodInvocationHelper.invokeMethod(MethodInvocationHelper.java:139)
at org.testng.internal.invokers.TestInvoker.invokeMethod(TestInvoker.java:677)
at org.testng.internal.invokers.TestInvoker.invokeTestMethod(TestInvoker.java:221)
at org.testng.internal.invokers.MethodRunner.runInSequence(MethodRunner.java:50)
at org.testng.internal.invokers.TestInvoker$MethodInvocationAgent.invoke(TestInvoker.java:969)
at org.testng.internal.invokers.TestInvoker.invokeTestMethods(TestInvoker.java:194)
at org.testng.internal.invokers.TestMethodWorker.invokeTestMethods(TestMethodWorker.java:148)
at org.testng.internal.invokers.TestMethodWorker.run(TestMethodWorker.java:128)
at java.base/java.util.ArrayList.forEach(ArrayList.java:1511)
at org.testng.TestRunner.privateRun(TestRunner.java:829)
at org.testng.TestRunner.run(TestRunner.java:602)
at org.testng.SuiteRunner.runTest(SuiteRunner.java:437)
at org.testng.SuiteRunner$SuiteWorker.run(SuiteRunner.java:475)
at org.testng.internal.thread.ThreadUtil.lambda$execute$0(ThreadUtil.java:58)
at java.base/java.util.concurrent.FutureTask.run(FutureTask.java:264)
at java.base/java.util.concurrent.ThreadPoolExecutor.runWorker(ThreadPoolExecutor.java:1136)
at java.base/java.util.concurrent.ThreadPoolExecutor$Worker.run(ThreadPoolExecutor.java:635)
at java.base/java.lang.Thread.run(Thread.java:833)
Caused by: com.microsoft.playwright.TimeoutError: Error {
  message='Timeout 30000ms exceeded.
=========================== logs ===========================
waiting for locator("xpath=//input[@value='Agree']")
  locator resolved to <input value="Agree" type="submit" class="confirmBtn"/>
attempting click action
  waiting for element to be visible, enabled and stable
  element is visible, enabled and stable
  scrolling into view if needed
  done scrolling
  performing click action
  click action done
  waiting for scheduled navigations to finish
============================================================
  name='TimeoutError
  stack='TimeoutError: Timeout 30000ms exceeded.
=========================== logs ===========================
waiting for locator("xpath=//input[@value='Agree']")
  locator resolved to <input value="Agree" type="submit" class="confirmBtn"/>
attempting click action
  waiting for element to be visible, enabled and stable
  element is visible, enabled and stable
  scrolling into view if needed
  done scrolling
  performing click action
  click action done
  waiting for scheduled navigations to finish
============================================================
    at ProgressController.run (C:\Users\SURYA~1.MAH\AppData\Local\Temp\playwright-java-10068779072447755860\package\lib\server\progress.js:88:26)
    at Frame.click (C:\Users\SURYA~1.MAH\AppData\Local\Temp\playwright-java-10068779072447755860\package\lib\server\frames.js:999:23)
    at FrameDispatcher.click (C:\Users\SURYA~1.MAH\AppData\Local\Temp\playwright-java-10068779072447755860\package\lib\server\dispatchers\frameDispatcher.js:149:30)
    at DispatcherConnection.dispatch (C:\Users\SURYA~1.MAH\AppData\Local\Temp\playwright-java-10068779072447755860\package\lib\server\dispatchers\dispatcher.js:312:46)
}
at com.microsoft.playwright.impl.Connection.dispatch(Connection.java:224)
at com.microsoft.playwright.impl.Connection.processOneMessage(Connection.java:206)
at com.microsoft.playwright.impl.ChannelOwner.runUntil(ChannelOwner.java:109)
... 34 more
]]>
    </error>
  </testcase> <!-- SetDropCharge -->
  <system-out/>
  <testcase classname="com.qa.thesis.tests.SetEnvVariable" name="Logout" time="30.114">
    <error message="Error {
  message=&#039;Timeout 30000ms exceeded.
=========================== logs ===========================
waiting for getByRole(AriaRole.BUTTON, new Page.GetByRoleOptions().setName(&quot;OK&quot;))
============================================================
  name=&#039;TimeoutError
  stack=&#039;TimeoutError: Timeout 30000ms exceeded.
=========================== logs ===========================
waiting for getByRole(AriaRole.BUTTON, new Page.GetByRoleOptions().setName(&quot;OK&quot;))
============================================================
    at ProgressController.run (C:\Users\SURYA~1.MAH\AppData\Local\Temp\playwright-java-10068779072447755860\package\lib\server\progress.js:88:26)
    at Frame.click (C:\Users\SURYA~1.MAH\AppData\Local\Temp\playwright-java-10068779072447755860\package\lib\server\frames.js:999:23)
    at FrameDispatcher.click (C:\Users\SURYA~1.MAH\AppData\Local\Temp\playwright-java-10068779072447755860\package\lib\server\dispatchers\frameDispatcher.js:149:30)
    at DispatcherConnection.dispatch (C:\Users\SURYA~1.MAH\AppData\Local\Temp\playwright-java-10068779072447755860\package\lib\server\dispatchers\dispatcher.js:312:46)
}" type="com.microsoft.playwright.TimeoutError">
      <![CDATA[com.microsoft.playwright.TimeoutError: Error {
  message='Timeout 30000ms exceeded.
=========================== logs ===========================
waiting for getByRole(AriaRole.BUTTON, new Page.GetByRoleOptions().setName("OK"))
============================================================
  name='TimeoutError
  stack='TimeoutError: Timeout 30000ms exceeded.
=========================== logs ===========================
waiting for getByRole(AriaRole.BUTTON, new Page.GetByRoleOptions().setName("OK"))
============================================================
    at ProgressController.run (C:\Users\SURYA~1.MAH\AppData\Local\Temp\playwright-java-10068779072447755860\package\lib\server\progress.js:88:26)
    at Frame.click (C:\Users\SURYA~1.MAH\AppData\Local\Temp\playwright-java-10068779072447755860\package\lib\server\frames.js:999:23)
    at FrameDispatcher.click (C:\Users\SURYA~1.MAH\AppData\Local\Temp\playwright-java-10068779072447755860\package\lib\server\dispatchers\frameDispatcher.js:149:30)
    at DispatcherConnection.dispatch (C:\Users\SURYA~1.MAH\AppData\Local\Temp\playwright-java-10068779072447755860\package\lib\server\dispatchers\dispatcher.js:312:46)
}
at com.microsoft.playwright.impl.WaitableResult.get(WaitableResult.java:52)
at com.microsoft.playwright.impl.ChannelOwner.runUntil(ChannelOwner.java:111)
at com.microsoft.playwright.impl.Connection.sendMessage(Connection.java:126)
at com.microsoft.playwright.impl.ChannelOwner.sendMessage(ChannelOwner.java:102)
at com.microsoft.playwright.impl.FrameImpl.clickImpl(FrameImpl.java:252)
at com.microsoft.playwright.impl.FrameImpl.lambda$click$8(FrameImpl.java:243)
at com.microsoft.playwright.impl.LoggingSupport.lambda$withLogging$0(LoggingSupport.java:36)
at com.microsoft.playwright.impl.LoggingSupport.withLogging(LoggingSupport.java:47)
at com.microsoft.playwright.impl.ChannelOwner.withLogging(ChannelOwner.java:87)
at com.microsoft.playwright.impl.LoggingSupport.withLogging(LoggingSupport.java:35)
at com.microsoft.playwright.impl.FrameImpl.click(FrameImpl.java:243)
at com.microsoft.playwright.impl.LocatorImpl.click(LocatorImpl.java:132)
at com.microsoft.playwright.Locator.click(Locator.java:2268)
at com.qa.thesis.pages.LoginPage.Logout(LoginPage.java:124)
at com.qa.thesis.base.BaseTest.Logout(BaseTest.java:35)
at java.base/jdk.internal.reflect.NativeMethodAccessorImpl.invoke0(Native Method)
at java.base/jdk.internal.reflect.NativeMethodAccessorImpl.invoke(NativeMethodAccessorImpl.java:77)
at java.base/jdk.internal.reflect.DelegatingMethodAccessorImpl.invoke(DelegatingMethodAccessorImpl.java:43)
at java.base/java.lang.reflect.Method.invoke(Method.java:568)
at org.testng.internal.invokers.MethodInvocationHelper.invokeMethod(MethodInvocationHelper.java:139)
at org.testng.internal.invokers.MethodInvocationHelper.invokeMethodConsideringTimeout(MethodInvocationHelper.java:69)
at org.testng.internal.invokers.ConfigInvoker.invokeConfigurationMethod(ConfigInvoker.java:361)
at org.testng.internal.invokers.ConfigInvoker.invokeConfigurations(ConfigInvoker.java:296)
at org.testng.internal.invokers.TestInvoker.runConfigMethods(TestInvoker.java:823)
at org.testng.internal.invokers.TestInvoker.runAfterConfigurations(TestInvoker.java:792)
at org.testng.internal.invokers.TestInvoker.invokeMethod(TestInvoker.java:768)
at org.testng.internal.invokers.TestInvoker.invokeTestMethod(TestInvoker.java:221)
at org.testng.internal.invokers.MethodRunner.runInSequence(MethodRunner.java:50)
at org.testng.internal.invokers.TestInvoker$MethodInvocationAgent.invoke(TestInvoker.java:969)
at org.testng.internal.invokers.TestInvoker.invokeTestMethods(TestInvoker.java:194)
at org.testng.internal.invokers.TestMethodWorker.invokeTestMethods(TestMethodWorker.java:148)
at org.testng.internal.invokers.TestMethodWorker.run(TestMethodWorker.java:128)
at java.base/java.util.ArrayList.forEach(ArrayList.java:1511)
at org.testng.TestRunner.privateRun(TestRunner.java:829)
at org.testng.TestRunner.run(TestRunner.java:602)
at org.testng.SuiteRunner.runTest(SuiteRunner.java:437)
at org.testng.SuiteRunner$SuiteWorker.run(SuiteRunner.java:475)
at org.testng.internal.thread.ThreadUtil.lambda$execute$0(ThreadUtil.java:58)
at java.base/java.util.concurrent.FutureTask.run(FutureTask.java:264)
at java.base/java.util.concurrent.ThreadPoolExecutor.runWorker(ThreadPoolExecutor.java:1136)
at java.base/java.util.concurrent.ThreadPoolExecutor$Worker.run(ThreadPoolExecutor.java:635)
at java.base/java.lang.Thread.run(Thread.java:833)
Caused by: com.microsoft.playwright.TimeoutError: Error {
  message='Timeout 30000ms exceeded.
=========================== logs ===========================
waiting for getByRole(AriaRole.BUTTON, new Page.GetByRoleOptions().setName("OK"))
============================================================
  name='TimeoutError
  stack='TimeoutError: Timeout 30000ms exceeded.
=========================== logs ===========================
waiting for getByRole(AriaRole.BUTTON, new Page.GetByRoleOptions().setName("OK"))
============================================================
    at ProgressController.run (C:\Users\SURYA~1.MAH\AppData\Local\Temp\playwright-java-10068779072447755860\package\lib\server\progress.js:88:26)
    at Frame.click (C:\Users\SURYA~1.MAH\AppData\Local\Temp\playwright-java-10068779072447755860\package\lib\server\frames.js:999:23)
    at FrameDispatcher.click (C:\Users\SURYA~1.MAH\AppData\Local\Temp\playwright-java-10068779072447755860\package\lib\server\dispatchers\frameDispatcher.js:149:30)
    at DispatcherConnection.dispatch (C:\Users\SURYA~1.MAH\AppData\Local\Temp\playwright-java-10068779072447755860\package\lib\server\dispatchers\dispatcher.js:312:46)
}
at com.microsoft.playwright.impl.Connection.dispatch(Connection.java:224)
at com.microsoft.playwright.impl.Connection.processOneMessage(Connection.java:206)
at com.microsoft.playwright.impl.ChannelOwner.runUntil(ChannelOwner.java:109)
... 40 more
]]>
    </error>
  </testcase> <!-- Logout -->
  <system-out/>
</testsuite> <!-- com.qa.thesis.tests.SetEnvVariable -->
