<?xml version="1.0" encoding="UTF-8"?>
<!-- Generated by org.testng.reporters.JUnitReportReporter -->
<testsuite hostname="del1-lhp-n70285" failures="0" tests="4" name="com.qa.thesis.tests.SetEnvVariable" time="318.468" errors="2" timestamp="2024-03-29T11:54:49 IST" skipped="0">
  <testcase classname="com.qa.thesis.tests.SetEnvVariable" name="SetDropCharge" time="87.906"/>
  <system-out/>
  <testcase classname="com.qa.thesis.tests.SetEnvVariable" name="SetDropCharge" time="93.916"/>
  <system-out/>
  <testcase classname="com.qa.thesis.tests.SetEnvVariable" name="Logout" time="36.153">
    <error message="Error {
  message=&#039;Target closed
=========================== logs ===========================
waiting for getByRole(AriaRole.BUTTON, new Page.GetByRoleOptions().setName(&quot;Profile Menu&quot;))
============================================================
  name=&#039;Error
  stack=&#039;Error: Target closed
=========================== logs ===========================
waiting for getByRole(AriaRole.BUTTON, new Page.GetByRoleOptions().setName(&quot;Profile Menu&quot;))
============================================================
    at CRSession.send (C:\Users\SURYA~1.MAH\AppData\Local\Temp\playwright-java-1414777934538221665\package\lib\server\chromium\crConnection.js:163:34)
    at CRExecutionContext.evaluateWithArguments (C:\Users\SURYA~1.MAH\AppData\Local\Temp\playwright-java-1414777934538221665\package\lib\server\chromium\crExecutionContext.js:78:28)
    at FrameExecutionContext.evaluateWithArguments (C:\Users\SURYA~1.MAH\AppData\Local\Temp\playwright-java-1414777934538221665\package\lib\server\javascript.js:62:61)
    at evaluateExpression (C:\Users\SURYA~1.MAH\AppData\Local\Temp\playwright-java-1414777934538221665\package\lib\server\javascript.js:234:26)
    at async C:\Users\SURYA~1.MAH\AppData\Local\Temp\playwright-java-1414777934538221665\package\lib\server\frames.js:945:22
    at async Frame.retryWithProgressAndTimeouts (C:\Users\SURYA~1.MAH\AppData\Local\Temp\playwright-java-1414777934538221665\package\lib\server\frames.js:916:24)
    at async C:\Users\SURYA~1.MAH\AppData\Local\Temp\playwright-java-1414777934538221665\package\lib\server\frames.js:1000:29
    at async ProgressController.run (C:\Users\SURYA~1.MAH\AppData\Local\Temp\playwright-java-1414777934538221665\package\lib\server\progress.js:92:22)
    at async FrameDispatcher.click (C:\Users\SURYA~1.MAH\AppData\Local\Temp\playwright-java-1414777934538221665\package\lib\server\dispatchers\frameDispatcher.js:149:12)
    at async DispatcherConnection.dispatch (C:\Users\SURYA~1.MAH\AppData\Local\Temp\playwright-java-1414777934538221665\package\lib\server\dispatchers\dispatcher.js:312:22)
}" type="com.microsoft.playwright.PlaywrightException">
      <![CDATA[com.microsoft.playwright.PlaywrightException: Error {
  message='Target closed
=========================== logs ===========================
waiting for getByRole(AriaRole.BUTTON, new Page.GetByRoleOptions().setName("Profile Menu"))
============================================================
  name='Error
  stack='Error: Target closed
=========================== logs ===========================
waiting for getByRole(AriaRole.BUTTON, new Page.GetByRoleOptions().setName("Profile Menu"))
============================================================
    at CRSession.send (C:\Users\SURYA~1.MAH\AppData\Local\Temp\playwright-java-1414777934538221665\package\lib\server\chromium\crConnection.js:163:34)
    at CRExecutionContext.evaluateWithArguments (C:\Users\SURYA~1.MAH\AppData\Local\Temp\playwright-java-1414777934538221665\package\lib\server\chromium\crExecutionContext.js:78:28)
    at FrameExecutionContext.evaluateWithArguments (C:\Users\SURYA~1.MAH\AppData\Local\Temp\playwright-java-1414777934538221665\package\lib\server\javascript.js:62:61)
    at evaluateExpression (C:\Users\SURYA~1.MAH\AppData\Local\Temp\playwright-java-1414777934538221665\package\lib\server\javascript.js:234:26)
    at async C:\Users\SURYA~1.MAH\AppData\Local\Temp\playwright-java-1414777934538221665\package\lib\server\frames.js:945:22
    at async Frame.retryWithProgressAndTimeouts (C:\Users\SURYA~1.MAH\AppData\Local\Temp\playwright-java-1414777934538221665\package\lib\server\frames.js:916:24)
    at async C:\Users\SURYA~1.MAH\AppData\Local\Temp\playwright-java-1414777934538221665\package\lib\server\frames.js:1000:29
    at async ProgressController.run (C:\Users\SURYA~1.MAH\AppData\Local\Temp\playwright-java-1414777934538221665\package\lib\server\progress.js:92:22)
    at async FrameDispatcher.click (C:\Users\SURYA~1.MAH\AppData\Local\Temp\playwright-java-1414777934538221665\package\lib\server\dispatchers\frameDispatcher.js:149:12)
    at async DispatcherConnection.dispatch (C:\Users\SURYA~1.MAH\AppData\Local\Temp\playwright-java-1414777934538221665\package\lib\server\dispatchers\dispatcher.js:312:22)
}
at com.microsoft.playwright.impl.WaitableResult.get(WaitableResult.java:54)
at com.microsoft.playwright.impl.ChannelOwner.runUntil(ChannelOwner.java:111)
at com.microsoft.playwright.impl.Connection.sendMessage(Connection.java:126)
at com.microsoft.playwright.impl.ChannelOwner.sendMessage(ChannelOwner.java:102)
at com.microsoft.playwright.impl.FrameImpl.clickImpl(FrameImpl.java:252)
at com.microsoft.playwright.impl.FrameImpl.lambda$click$8(FrameImpl.java:243)
at com.microsoft.playwright.impl.LoggingSupport.lambda$withLogging$0(LoggingSupport.java:36)
at com.microsoft.playwright.impl.LoggingSupport.withLogging(LoggingSupport.java:47)
at com.microsoft.playwright.impl.ChannelOwner.withLogging(ChannelOwner.java:87)
at com.microsoft.playwright.impl.LoggingSupport.withLogging(LoggingSupport.java:35)
at com.microsoft.playwright.impl.FrameImpl.click(FrameImpl.java:243)
at com.microsoft.playwright.impl.LocatorImpl.click(LocatorImpl.java:132)
at com.microsoft.playwright.Locator.click(Locator.java:2268)
at com.qa.thesis.pages.LoginPage.Logout(LoginPage.java:123)
at com.qa.thesis.base.BaseTest.Logout(BaseTest.java:35)
at java.base/jdk.internal.reflect.NativeMethodAccessorImpl.invoke0(Native Method)
at java.base/jdk.internal.reflect.NativeMethodAccessorImpl.invoke(NativeMethodAccessorImpl.java:77)
at java.base/jdk.internal.reflect.DelegatingMethodAccessorImpl.invoke(DelegatingMethodAccessorImpl.java:43)
at java.base/java.lang.reflect.Method.invoke(Method.java:568)
at org.testng.internal.invokers.MethodInvocationHelper.invokeMethod(MethodInvocationHelper.java:139)
at org.testng.internal.invokers.MethodInvocationHelper.invokeMethodConsideringTimeout(MethodInvocationHelper.java:69)
at org.testng.internal.invokers.ConfigInvoker.invokeConfigurationMethod(ConfigInvoker.java:361)
at org.testng.internal.invokers.ConfigInvoker.invokeConfigurations(ConfigInvoker.java:296)
at org.testng.internal.invokers.TestInvoker.runConfigMethods(TestInvoker.java:823)
at org.testng.internal.invokers.TestInvoker.runAfterConfigurations(TestInvoker.java:792)
at org.testng.internal.invokers.TestInvoker.invokeMethod(TestInvoker.java:768)
at org.testng.internal.invokers.TestInvoker.invokeTestMethod(TestInvoker.java:221)
at org.testng.internal.invokers.MethodRunner.runInSequence(MethodRunner.java:50)
at org.testng.internal.invokers.TestInvoker$MethodInvocationAgent.invoke(TestInvoker.java:969)
at org.testng.internal.invokers.TestInvoker.invokeTestMethods(TestInvoker.java:194)
at org.testng.internal.invokers.TestMethodWorker.invokeTestMethods(TestMethodWorker.java:148)
at org.testng.internal.invokers.TestMethodWorker.run(TestMethodWorker.java:128)
at java.base/java.util.ArrayList.forEach(ArrayList.java:1511)
at org.testng.TestRunner.privateRun(TestRunner.java:829)
at org.testng.TestRunner.run(TestRunner.java:602)
at org.testng.SuiteRunner.runTest(SuiteRunner.java:437)
at org.testng.SuiteRunner$SuiteWorker.run(SuiteRunner.java:475)
at org.testng.internal.thread.ThreadUtil.lambda$execute$0(ThreadUtil.java:58)
at java.base/java.util.concurrent.FutureTask.run(FutureTask.java:264)
at java.base/java.util.concurrent.ThreadPoolExecutor.runWorker(ThreadPoolExecutor.java:1136)
at java.base/java.util.concurrent.ThreadPoolExecutor$Worker.run(ThreadPoolExecutor.java:635)
at java.base/java.lang.Thread.run(Thread.java:833)
Caused by: com.microsoft.playwright.impl.DriverException: Error {
  message='Target closed
=========================== logs ===========================
waiting for getByRole(AriaRole.BUTTON, new Page.GetByRoleOptions().setName("Profile Menu"))
============================================================
  name='Error
  stack='Error: Target closed
=========================== logs ===========================
waiting for getByRole(AriaRole.BUTTON, new Page.GetByRoleOptions().setName("Profile Menu"))
============================================================
    at CRSession.send (C:\Users\SURYA~1.MAH\AppData\Local\Temp\playwright-java-1414777934538221665\package\lib\server\chromium\crConnection.js:163:34)
    at CRExecutionContext.evaluateWithArguments (C:\Users\SURYA~1.MAH\AppData\Local\Temp\playwright-java-1414777934538221665\package\lib\server\chromium\crExecutionContext.js:78:28)
    at FrameExecutionContext.evaluateWithArguments (C:\Users\SURYA~1.MAH\AppData\Local\Temp\playwright-java-1414777934538221665\package\lib\server\javascript.js:62:61)
    at evaluateExpression (C:\Users\SURYA~1.MAH\AppData\Local\Temp\playwright-java-1414777934538221665\package\lib\server\javascript.js:234:26)
    at async C:\Users\SURYA~1.MAH\AppData\Local\Temp\playwright-java-1414777934538221665\package\lib\server\frames.js:945:22
    at async Frame.retryWithProgressAndTimeouts (C:\Users\SURYA~1.MAH\AppData\Local\Temp\playwright-java-1414777934538221665\package\lib\server\frames.js:916:24)
    at async C:\Users\SURYA~1.MAH\AppData\Local\Temp\playwright-java-1414777934538221665\package\lib\server\frames.js:1000:29
    at async ProgressController.run (C:\Users\SURYA~1.MAH\AppData\Local\Temp\playwright-java-1414777934538221665\package\lib\server\progress.js:92:22)
    at async FrameDispatcher.click (C:\Users\SURYA~1.MAH\AppData\Local\Temp\playwright-java-1414777934538221665\package\lib\server\dispatchers\frameDispatcher.js:149:12)
    at async DispatcherConnection.dispatch (C:\Users\SURYA~1.MAH\AppData\Local\Temp\playwright-java-1414777934538221665\package\lib\server\dispatchers\dispatcher.js:312:22)
}
at com.microsoft.playwright.impl.Connection.dispatch(Connection.java:226)
at com.microsoft.playwright.impl.Connection.processOneMessage(Connection.java:206)
at com.microsoft.playwright.impl.ChannelOwner.runUntil(ChannelOwner.java:109)
... 40 more
]]>
    </error>
  </testcase> <!-- Logout -->
  <system-out/>
  <testcase classname="com.qa.thesis.tests.SetEnvVariable" name="SetDropCharge" time="100.493">
    <error message="Error {
  message=&#039;Timeout 100000ms exceeded.
=========================== logs ===========================
waiting for locator(&quot;#UserName&quot;)
============================================================
  name=&#039;TimeoutError
  stack=&#039;TimeoutError: Timeout 100000ms exceeded.
=========================== logs ===========================
waiting for locator(&quot;#UserName&quot;)
============================================================
    at ProgressController.run (C:\Users\SURYA~1.MAH\AppData\Local\Temp\playwright-java-1414777934538221665\package\lib\server\progress.js:88:26)
    at Frame.fill (C:\Users\SURYA~1.MAH\AppData\Local\Temp\playwright-java-1414777934538221665\package\lib\server\frames.js:1043:23)
    at FrameDispatcher.fill (C:\Users\SURYA~1.MAH\AppData\Local\Temp\playwright-java-1414777934538221665\package\lib\server\dispatchers\frameDispatcher.js:161:30)
    at DispatcherConnection.dispatch (C:\Users\SURYA~1.MAH\AppData\Local\Temp\playwright-java-1414777934538221665\package\lib\server\dispatchers\dispatcher.js:312:46)
}" type="com.microsoft.playwright.TimeoutError">
      <![CDATA[com.microsoft.playwright.TimeoutError: Error {
  message='Timeout 100000ms exceeded.
=========================== logs ===========================
waiting for locator("#UserName")
============================================================
  name='TimeoutError
  stack='TimeoutError: Timeout 100000ms exceeded.
=========================== logs ===========================
waiting for locator("#UserName")
============================================================
    at ProgressController.run (C:\Users\SURYA~1.MAH\AppData\Local\Temp\playwright-java-1414777934538221665\package\lib\server\progress.js:88:26)
    at Frame.fill (C:\Users\SURYA~1.MAH\AppData\Local\Temp\playwright-java-1414777934538221665\package\lib\server\frames.js:1043:23)
    at FrameDispatcher.fill (C:\Users\SURYA~1.MAH\AppData\Local\Temp\playwright-java-1414777934538221665\package\lib\server\dispatchers\frameDispatcher.js:161:30)
    at DispatcherConnection.dispatch (C:\Users\SURYA~1.MAH\AppData\Local\Temp\playwright-java-1414777934538221665\package\lib\server\dispatchers\dispatcher.js:312:46)
}
at com.microsoft.playwright.impl.WaitableResult.get(WaitableResult.java:52)
at com.microsoft.playwright.impl.ChannelOwner.runUntil(ChannelOwner.java:111)
at com.microsoft.playwright.impl.Connection.sendMessage(Connection.java:126)
at com.microsoft.playwright.impl.ChannelOwner.sendMessage(ChannelOwner.java:102)
at com.microsoft.playwright.impl.FrameImpl.fillImpl(FrameImpl.java:335)
at com.microsoft.playwright.impl.PageImpl.lambda$fill$27(PageImpl.java:682)
at com.microsoft.playwright.impl.LoggingSupport.lambda$withLogging$0(LoggingSupport.java:36)
at com.microsoft.playwright.impl.LoggingSupport.withLogging(LoggingSupport.java:47)
at com.microsoft.playwright.impl.ChannelOwner.withLogging(ChannelOwner.java:87)
at com.microsoft.playwright.impl.LoggingSupport.withLogging(LoggingSupport.java:35)
at com.microsoft.playwright.impl.PageImpl.fill(PageImpl.java:681)
at com.microsoft.playwright.Page.fill(Page.java:4527)
at com.qa.thesis.pages.LoginPage.LoginToAdmin(LoginPage.java:27)
at com.qa.thesis.tests.SetEnvVariable.SetDropCharge(SetEnvVariable.java:16)
at java.base/jdk.internal.reflect.NativeMethodAccessorImpl.invoke0(Native Method)
at java.base/jdk.internal.reflect.NativeMethodAccessorImpl.invoke(NativeMethodAccessorImpl.java:77)
at java.base/jdk.internal.reflect.DelegatingMethodAccessorImpl.invoke(DelegatingMethodAccessorImpl.java:43)
at java.base/java.lang.reflect.Method.invoke(Method.java:568)
at org.testng.internal.invokers.MethodInvocationHelper.invokeMethod(MethodInvocationHelper.java:139)
at org.testng.internal.invokers.TestInvoker.invokeMethod(TestInvoker.java:677)
at org.testng.internal.invokers.TestInvoker.invokeTestMethod(TestInvoker.java:221)
at org.testng.internal.invokers.MethodRunner.runInSequence(MethodRunner.java:50)
at org.testng.internal.invokers.TestInvoker$MethodInvocationAgent.invoke(TestInvoker.java:969)
at org.testng.internal.invokers.TestInvoker.invokeTestMethods(TestInvoker.java:194)
at org.testng.internal.invokers.TestMethodWorker.invokeTestMethods(TestMethodWorker.java:148)
at org.testng.internal.invokers.TestMethodWorker.run(TestMethodWorker.java:128)
at java.base/java.util.ArrayList.forEach(ArrayList.java:1511)
at org.testng.TestRunner.privateRun(TestRunner.java:829)
at org.testng.TestRunner.run(TestRunner.java:602)
at org.testng.SuiteRunner.runTest(SuiteRunner.java:437)
at org.testng.SuiteRunner$SuiteWorker.run(SuiteRunner.java:475)
at org.testng.internal.thread.ThreadUtil.lambda$execute$0(ThreadUtil.java:58)
at java.base/java.util.concurrent.FutureTask.run(FutureTask.java:264)
at java.base/java.util.concurrent.ThreadPoolExecutor.runWorker(ThreadPoolExecutor.java:1136)
at java.base/java.util.concurrent.ThreadPoolExecutor$Worker.run(ThreadPoolExecutor.java:635)
at java.base/java.lang.Thread.run(Thread.java:833)
Caused by: com.microsoft.playwright.TimeoutError: Error {
  message='Timeout 100000ms exceeded.
=========================== logs ===========================
waiting for locator("#UserName")
============================================================
  name='TimeoutError
  stack='TimeoutError: Timeout 100000ms exceeded.
=========================== logs ===========================
waiting for locator("#UserName")
============================================================
    at ProgressController.run (C:\Users\SURYA~1.MAH\AppData\Local\Temp\playwright-java-1414777934538221665\package\lib\server\progress.js:88:26)
    at Frame.fill (C:\Users\SURYA~1.MAH\AppData\Local\Temp\playwright-java-1414777934538221665\package\lib\server\frames.js:1043:23)
    at FrameDispatcher.fill (C:\Users\SURYA~1.MAH\AppData\Local\Temp\playwright-java-1414777934538221665\package\lib\server\dispatchers\frameDispatcher.js:161:30)
    at DispatcherConnection.dispatch (C:\Users\SURYA~1.MAH\AppData\Local\Temp\playwright-java-1414777934538221665\package\lib\server\dispatchers\dispatcher.js:312:46)
}
at com.microsoft.playwright.impl.Connection.dispatch(Connection.java:224)
at com.microsoft.playwright.impl.Connection.processOneMessage(Connection.java:206)
at com.microsoft.playwright.impl.ChannelOwner.runUntil(ChannelOwner.java:109)
... 34 more
]]>
    </error>
  </testcase> <!-- SetDropCharge -->
  <system-out/>
</testsuite> <!-- com.qa.thesis.tests.SetEnvVariable -->
