<?xml version="1.0" encoding="UTF-8"?>
<!-- Generated by org.testng.reporters.JUnitReportReporter -->
<testsuite hostname="del1-lhp-n70285" failures="0" tests="2" name="com.qa.thesis.tests.Discount" time="22.359" errors="0" timestamp="2023-08-04T15:16:57 IST" skipped="0">
  <testcase classname="com.qa.thesis.tests.Discount" name="DeleteDiscount2" time="9.256"/>
  <system-out/>
  <testcase classname="com.qa.thesis.tests.Discount" name="CreateDiscount1" time="13.103"/>
  <system-out/>
</testsuite> <!-- com.qa.thesis.tests.Discount -->
