<?xml version="1.0" encoding="UTF-8"?>
<!-- Generated by org.testng.reporters.JUnitReportReporter -->
<testsuite hostname="del1-lhp-n70285" failures="0" tests="1" name="com.qa.thesis.tests.DataCreation" time="271.384" errors="0" timestamp="2024-03-20T21:35:54 IST" skipped="0">
  <testcase classname="com.qa.thesis.tests.DataCreation" name="dataCreation" time="271.384"/>
  <system-out/>
</testsuite> <!-- com.qa.thesis.tests.DataCreation -->
