<?xml version="1.0" encoding="UTF-8"?>
<!-- Generated by org.testng.reporters.JUnitReportReporter -->
<testsuite hostname="del1-lhp-n70285" failures="0" tests="2" name="com.qa.thesis.tests.College" time="28.966" errors="0" timestamp="2023-07-19T09:34:12 IST" skipped="0">
  <testcase classname="com.qa.thesis.tests.College" name="DeleteCollege" time="12.399"/>
  <system-out/>
  <testcase classname="com.qa.thesis.tests.College" name="CreateCollege" time="16.567"/>
  <system-out/>
</testsuite> <!-- com.qa.thesis.tests.College -->
