<?xml version="1.0" encoding="UTF-8"?>
<!-- Generated by org.testng.reporters.JUnitReportReporter -->
<testsuite hostname="del1-lhp-n70285" failures="0" tests="2" name="com.qa.thesis.tests.DiscountPlan" time="29.058" errors="0" timestamp="2023-07-05T17:58:13 IST" skipped="0">
  <testcase classname="com.qa.thesis.tests.DiscountPlan" name="CreateDiscountPlan" time="17.815"/>
  <system-out/>
  <testcase classname="com.qa.thesis.tests.DiscountPlan" name="DeleteDiscountPlan" time="11.243"/>
  <system-out/>
</testsuite> <!-- com.qa.thesis.tests.DiscountPlan -->
