<?xml version="1.0" encoding="UTF-8"?>
<!-- Generated by org.testng.reporters.JUnitReportReporter -->
<testsuite hostname="del1-lhp-n70285" failures="0" tests="2" name="com.qa.thesis.tests.HighSchool" time="15.821" errors="0" timestamp="2023-07-19T09:34:12 IST" skipped="0">
  <testcase classname="com.qa.thesis.tests.HighSchool" name="CreateHighSchool" time="8.821"/>
  <system-out/>
  <testcase classname="com.qa.thesis.tests.HighSchool" name="DeleteHighSchool" time="7.000"/>
  <system-out/>
</testsuite> <!-- com.qa.thesis.tests.HighSchool -->
