<?xml version="1.0" encoding="UTF-8"?>
<!-- Generated by org.testng.reporters.JUnitReportReporter -->
<testsuite hostname="del1-lhp-n70285" failures="0" tests="2" name="com.qa.thesis.tests.DiscountPlan" time="49.312" errors="0" timestamp="2023-08-04T15:16:57 IST" skipped="0">
  <testcase classname="com.qa.thesis.tests.DiscountPlan" name="DeleteDiscountPlan" time="10.154"/>
  <system-out/>
  <testcase classname="com.qa.thesis.tests.DiscountPlan" name="CreateDiscountPlan" time="39.158"/>
  <system-out/>
</testsuite> <!-- com.qa.thesis.tests.DiscountPlan -->
