<?xml version="1.0" encoding="UTF-8"?>
<!-- Generated by org.testng.reporters.JUnitReportReporter -->
<testsuite hostname="del1-lhp-n70285" failures="0" tests="2" name="com.qa.thesis.tests.DiscountPlan" time="13.768" errors="0" timestamp="2023-07-19T09:34:12 IST" skipped="0">
  <testcase classname="com.qa.thesis.tests.DiscountPlan" name="CreateDiscountPlan" time="7.779"/>
  <system-out/>
  <testcase classname="com.qa.thesis.tests.DiscountPlan" name="DeleteDiscountPlan" time="5.989"/>
  <system-out/>
</testsuite> <!-- com.qa.thesis.tests.DiscountPlan -->
