<?xml version="1.0" encoding="UTF-8"?>
<!-- Generated by org.testng.reporters.JUnitReportReporter -->
<testsuite hostname="del1-lhp-n70285" failures="0" tests="2" name="com.qa.thesis.tests.Login" time="2.147" errors="0" timestamp="2023-07-05T17:58:13 IST" skipped="0">
  <testcase classname="com.qa.thesis.tests.Login" name="invalidLogin" time="0.947"/>
  <system-out/>
  <testcase classname="com.qa.thesis.tests.Login" name="validLogin" time="1.200"/>
  <system-out/>
</testsuite> <!-- com.qa.thesis.tests.Login -->
