<?xml version="1.0" encoding="UTF-8"?>
<!-- Generated by org.testng.reporters.JUnitReportReporter -->
<testsuite hostname="del1-lhp-n70285" failures="0" tests="2" name="com.qa.thesis.tests.HoldType" time="14.273" errors="0" timestamp="2023-07-19T09:34:12 IST" skipped="0">
  <testcase classname="com.qa.thesis.tests.HoldType" name="DeletHoldType" time="6.416"/>
  <system-out/>
  <testcase classname="com.qa.thesis.tests.HoldType" name="CreateHoldType" time="7.857"/>
  <system-out/>
</testsuite> <!-- com.qa.thesis.tests.HoldType -->
