<?xml version="1.0" encoding="UTF-8"?>
<!-- Generated by org.testng.reporters.JUnitReportReporter -->
<testsuite hostname="del1-lhp-n70285" failures="0" tests="2" name="com.qa.thesis.tests.DataCreation" time="36.177" errors="1" timestamp="2024-03-29T12:41:57 IST" skipped="1">
  <testcase classname="com.qa.thesis.tests.DataCreation" name="setup" time="36.177">
    <error message="Error {
  message=&#039;Timeout 30000ms exceeded.
=========================== logs ===========================
navigating to &quot;https://sm-qa-d46.thesiscloud-lab.com/U4SM/&quot;, waiting until &quot;load&quot;
============================================================
  name=&#039;TimeoutError
  stack=&#039;TimeoutError: Timeout 30000ms exceeded.
=========================== logs ===========================
navigating to &quot;https://sm-qa-d46.thesiscloud-lab.com/U4SM/&quot;, waiting until &quot;load&quot;
============================================================
    at ProgressController.run (C:\Users\SURYA~1.MAH\AppData\Local\Temp\playwright-java-11246061853780868050\package\lib\server\progress.js:88:26)
    at Frame.goto (C:\Users\SURYA~1.MAH\AppData\Local\Temp\playwright-java-11246061853780868050\package\lib\server\frames.js:521:23)
    at FrameDispatcher.goto (C:\Users\SURYA~1.MAH\AppData\Local\Temp\playwright-java-11246061853780868050\package\lib\server\dispatchers\frameDispatcher.js:75:121)
    at DispatcherConnection.dispatch (C:\Users\SURYA~1.MAH\AppData\Local\Temp\playwright-java-11246061853780868050\package\lib\server\dispatchers\dispatcher.js:312:46)
}" type="com.microsoft.playwright.TimeoutError">
      <![CDATA[com.microsoft.playwright.TimeoutError: Error {
  message='Timeout 30000ms exceeded.
=========================== logs ===========================
navigating to "https://sm-qa-d46.thesiscloud-lab.com/U4SM/", waiting until "load"
============================================================
  name='TimeoutError
  stack='TimeoutError: Timeout 30000ms exceeded.
=========================== logs ===========================
navigating to "https://sm-qa-d46.thesiscloud-lab.com/U4SM/", waiting until "load"
============================================================
    at ProgressController.run (C:\Users\SURYA~1.MAH\AppData\Local\Temp\playwright-java-11246061853780868050\package\lib\server\progress.js:88:26)
    at Frame.goto (C:\Users\SURYA~1.MAH\AppData\Local\Temp\playwright-java-11246061853780868050\package\lib\server\frames.js:521:23)
    at FrameDispatcher.goto (C:\Users\SURYA~1.MAH\AppData\Local\Temp\playwright-java-11246061853780868050\package\lib\server\dispatchers\frameDispatcher.js:75:121)
    at DispatcherConnection.dispatch (C:\Users\SURYA~1.MAH\AppData\Local\Temp\playwright-java-11246061853780868050\package\lib\server\dispatchers\dispatcher.js:312:46)
}
at com.microsoft.playwright.impl.WaitableResult.get(WaitableResult.java:52)
at com.microsoft.playwright.impl.ChannelOwner.runUntil(ChannelOwner.java:111)
at com.microsoft.playwright.impl.Connection.sendMessage(Connection.java:126)
at com.microsoft.playwright.impl.ChannelOwner.sendMessage(ChannelOwner.java:102)
at com.microsoft.playwright.impl.FrameImpl.navigateImpl(FrameImpl.java:463)
at com.microsoft.playwright.impl.PageImpl.lambda$navigate$45(PageImpl.java:853)
at com.microsoft.playwright.impl.LoggingSupport.withLogging(LoggingSupport.java:47)
at com.microsoft.playwright.impl.ChannelOwner.withLogging(ChannelOwner.java:87)
at com.microsoft.playwright.impl.PageImpl.navigate(PageImpl.java:853)
at com.microsoft.playwright.impl.PageImpl.navigate(PageImpl.java:42)
at com.microsoft.playwright.Page.navigate(Page.java:5264)
at com.qa.thesis.factory.PlaywrightFactory.initBrowser(PlaywrightFactory.java:88)
at com.qa.thesis.base.BaseTest.setup(BaseTest.java:27)
at java.base/jdk.internal.reflect.NativeMethodAccessorImpl.invoke0(Native Method)
at java.base/jdk.internal.reflect.NativeMethodAccessorImpl.invoke(NativeMethodAccessorImpl.java:77)
at java.base/jdk.internal.reflect.DelegatingMethodAccessorImpl.invoke(DelegatingMethodAccessorImpl.java:43)
at java.base/java.lang.reflect.Method.invoke(Method.java:568)
at org.testng.internal.invokers.MethodInvocationHelper.invokeMethod(MethodInvocationHelper.java:139)
at org.testng.internal.invokers.MethodInvocationHelper.invokeMethodConsideringTimeout(MethodInvocationHelper.java:69)
at org.testng.internal.invokers.ConfigInvoker.invokeConfigurationMethod(ConfigInvoker.java:361)
at org.testng.internal.invokers.ConfigInvoker.invokeConfigurations(ConfigInvoker.java:296)
at org.testng.TestRunner.invokeTestConfigurations(TestRunner.java:644)
at org.testng.TestRunner.beforeRun(TestRunner.java:633)
at org.testng.TestRunner.run(TestRunner.java:595)
at org.testng.SuiteRunner.runTest(SuiteRunner.java:437)
at org.testng.SuiteRunner$SuiteWorker.run(SuiteRunner.java:475)
at org.testng.internal.thread.ThreadUtil.lambda$execute$0(ThreadUtil.java:58)
at java.base/java.util.concurrent.FutureTask.run(FutureTask.java:264)
at java.base/java.util.concurrent.ThreadPoolExecutor.runWorker(ThreadPoolExecutor.java:1136)
at java.base/java.util.concurrent.ThreadPoolExecutor$Worker.run(ThreadPoolExecutor.java:635)
at java.base/java.lang.Thread.run(Thread.java:833)
Caused by: com.microsoft.playwright.TimeoutError: Error {
  message='Timeout 30000ms exceeded.
=========================== logs ===========================
navigating to "https://sm-qa-d46.thesiscloud-lab.com/U4SM/", waiting until "load"
============================================================
  name='TimeoutError
  stack='TimeoutError: Timeout 30000ms exceeded.
=========================== logs ===========================
navigating to "https://sm-qa-d46.thesiscloud-lab.com/U4SM/", waiting until "load"
============================================================
    at ProgressController.run (C:\Users\SURYA~1.MAH\AppData\Local\Temp\playwright-java-11246061853780868050\package\lib\server\progress.js:88:26)
    at Frame.goto (C:\Users\SURYA~1.MAH\AppData\Local\Temp\playwright-java-11246061853780868050\package\lib\server\frames.js:521:23)
    at FrameDispatcher.goto (C:\Users\SURYA~1.MAH\AppData\Local\Temp\playwright-java-11246061853780868050\package\lib\server\dispatchers\frameDispatcher.js:75:121)
    at DispatcherConnection.dispatch (C:\Users\SURYA~1.MAH\AppData\Local\Temp\playwright-java-11246061853780868050\package\lib\server\dispatchers\dispatcher.js:312:46)
}
at com.microsoft.playwright.impl.Connection.dispatch(Connection.java:224)
at com.microsoft.playwright.impl.Connection.processOneMessage(Connection.java:206)
at com.microsoft.playwright.impl.ChannelOwner.runUntil(ChannelOwner.java:109)
... 29 more
]]>
    </error>
  </testcase> <!-- setup -->
  <system-out/>
  <testcase classname="com.qa.thesis.tests.DataCreation" name="dataCreation" time="0.000">
    <skipped/>
  </testcase> <!-- dataCreation -->
  <system-out/>
</testsuite> <!-- com.qa.thesis.tests.DataCreation -->
