<?xml version="1.0" encoding="UTF-8"?>
<!-- Generated by org.testng.reporters.JUnitReportReporter -->
<testsuite hostname="del1-lhp-n70285" failures="0" tests="6" name="com.qa.thesis.tests.SetEnvVariable" time="336.156" errors="1" timestamp="2024-03-21T08:08:40 IST" skipped="0">
  <testcase classname="com.qa.thesis.tests.SetEnvVariable" name="SetDropCharge" time="50.272"/>
  <system-out/>
  <testcase classname="com.qa.thesis.tests.SetEnvVariable" name="SetDropCharge" time="59.941"/>
  <system-out/>
  <testcase classname="com.qa.thesis.tests.SetEnvVariable" name="SetDropCharge" time="65.131"/>
  <system-out/>
  <testcase classname="com.qa.thesis.tests.SetEnvVariable" name="SetDropCharge" time="50.717"/>
  <system-out/>
  <testcase classname="com.qa.thesis.tests.SetEnvVariable" name="SetDropCharge" time="44.249"/>
  <system-out/>
  <testcase classname="com.qa.thesis.tests.SetEnvVariable" name="SetDropCharge" time="65.846">
    <error message="Error {
  message=&#039;Error: strict mode violation: locator(&quot;.select2-search-choice a&quot;) resolved to 11 elements:
    1) &lt;a href=&quot;#&quot; tabindex=&quot;-1&quot; class=&quot;select2-search-cho…&gt;&lt;/a&gt; aka locator(&quot;#s2id_HighschoolTranscriptImportMatching&quot;).getByRole(AriaRole.LINK)
    2) &lt;a href=&quot;#&quot; tabindex=&quot;-1&quot; class=&quot;select2-search-cho…&gt;&lt;/a&gt; aka locator(&quot;#s2id_DropChargeRelevantStatus&quot;).getByRole(AriaRole.LINK)
    3) &lt;a href=&quot;#&quot; tabindex=&quot;-1&quot; class=&quot;select2-search-cho…&gt;&lt;/a&gt; aka getByRole(AriaRole.LISTITEM).filter(new Locator.FilterOptions().setHasText(&quot;A - In Attendance&quot;)).getByRole(AriaRole.LINK)
    4) &lt;a href=&quot;#&quot; tabindex=&quot;-1&quot; class=&quot;select2-search-cho…&gt;&lt;/a&gt; aka getByRole(AriaRole.LISTITEM).filter(new Locator.FilterOptions().setHasText(&quot;C - Course Change&quot;)).getByRole(AriaRole.LINK)
    5) &lt;a href=&quot;#&quot; tabindex=&quot;-1&quot; class=&quot;select2-search-cho…&gt;&lt;/a&gt; aka getByRole(AriaRole.LISTITEM).filter(new Locator.FilterOptions().setHasText(&quot;D - Student has never attended&quot;)).getByRole(AriaRole.LINK)
    6) &lt;a href=&quot;#&quot; tabindex=&quot;-1&quot; class=&quot;select2-search-cho…&gt;&lt;/a&gt; aka getByRole(AriaRole.LISTITEM).filter(new Locator.FilterOptions().setHasText(&quot;F - Disagree with Fee&quot;)).getByRole(AriaRole.LINK)
    7) &lt;a href=&quot;#&quot; tabindex=&quot;-1&quot; class=&quot;select2-search-cho…&gt;&lt;/a&gt; aka getByRole(AriaRole.LISTITEM).filter(new Locator.FilterOptions().setHasText(&quot;L - Liability disputed, HEP to Resolve&quot;)).getByRole(AriaRole.LINK)
    8) &lt;a href=&quot;#&quot; tabindex=&quot;-1&quot; class=&quot;select2-search-cho…&gt;&lt;/a&gt; aka getByRole(AriaRole.LISTITEM).filter(new Locator.FilterOptions().setHasText(&quot;N - Liability disputed, HEP will not Resolve&quot;)).getByRole(AriaRole.LINK)
    9) &lt;a href=&quot;#&quot; tabindex=&quot;-1&quot; class=&quot;select2-search-cho…&gt;&lt;/a&gt; aka getByRole(AriaRole.LISTITEM).filter(new Locator.FilterOptions().setHasText(&quot;S - Suspended&quot;)).getByRole(AriaRole.LINK)
    10) &lt;a href=&quot;#&quot; tabindex=&quot;-1&quot; class=&quot;select2-search-cho…&gt;&lt;/a&gt; aka getByRole(AriaRole.LISTITEM).filter(new Locator.FilterOptions().setHasText(&quot;X - Not in Attendance&quot;)).getByRole(AriaRole.LINK)
    ...

=========================== logs ===========================
  checking visibility of locator(&quot;.select2-search-choice a&quot;)
============================================================
  name=&#039;Error
  stack=&#039;Error: Error: strict mode violation: locator(&quot;.select2-search-choice a&quot;) resolved to 11 elements:
    1) &lt;a href=&quot;#&quot; tabindex=&quot;-1&quot; class=&quot;select2-search-cho…&gt;&lt;/a&gt; aka locator(&quot;#s2id_HighschoolTranscriptImportMatching&quot;).getByRole(AriaRole.LINK)
    2) &lt;a href=&quot;#&quot; tabindex=&quot;-1&quot; class=&quot;select2-search-cho…&gt;&lt;/a&gt; aka locator(&quot;#s2id_DropChargeRelevantStatus&quot;).getByRole(AriaRole.LINK)
    3) &lt;a href=&quot;#&quot; tabindex=&quot;-1&quot; class=&quot;select2-search-cho…&gt;&lt;/a&gt; aka getByRole(AriaRole.LISTITEM).filter(new Locator.FilterOptions().setHasText(&quot;A - In Attendance&quot;)).getByRole(AriaRole.LINK)
    4) &lt;a href=&quot;#&quot; tabindex=&quot;-1&quot; class=&quot;select2-search-cho…&gt;&lt;/a&gt; aka getByRole(AriaRole.LISTITEM).filter(new Locator.FilterOptions().setHasText(&quot;C - Course Change&quot;)).getByRole(AriaRole.LINK)
    5) &lt;a href=&quot;#&quot; tabindex=&quot;-1&quot; class=&quot;select2-search-cho…&gt;&lt;/a&gt; aka getByRole(AriaRole.LISTITEM).filter(new Locator.FilterOptions().setHasText(&quot;D - Student has never attended&quot;)).getByRole(AriaRole.LINK)
    6) &lt;a href=&quot;#&quot; tabindex=&quot;-1&quot; class=&quot;select2-search-cho…&gt;&lt;/a&gt; aka getByRole(AriaRole.LISTITEM).filter(new Locator.FilterOptions().setHasText(&quot;F - Disagree with Fee&quot;)).getByRole(AriaRole.LINK)
    7) &lt;a href=&quot;#&quot; tabindex=&quot;-1&quot; class=&quot;select2-search-cho…&gt;&lt;/a&gt; aka getByRole(AriaRole.LISTITEM).filter(new Locator.FilterOptions().setHasText(&quot;L - Liability disputed, HEP to Resolve&quot;)).getByRole(AriaRole.LINK)
    8) &lt;a href=&quot;#&quot; tabindex=&quot;-1&quot; class=&quot;select2-search-cho…&gt;&lt;/a&gt; aka getByRole(AriaRole.LISTITEM).filter(new Locator.FilterOptions().setHasText(&quot;N - Liability disputed, HEP will not Resolve&quot;)).getByRole(AriaRole.LINK)
    9) &lt;a href=&quot;#&quot; tabindex=&quot;-1&quot; class=&quot;select2-search-cho…&gt;&lt;/a&gt; aka getByRole(AriaRole.LISTITEM).filter(new Locator.FilterOptions().setHasText(&quot;S - Suspended&quot;)).getByRole(AriaRole.LINK)
    10) &lt;a href=&quot;#&quot; tabindex=&quot;-1&quot; class=&quot;select2-search-cho…&gt;&lt;/a&gt; aka getByRole(AriaRole.LISTITEM).filter(new Locator.FilterOptions().setHasText(&quot;X - Not in Attendance&quot;)).getByRole(AriaRole.LINK)
    ...

=========================== logs ===========================
  checking visibility of locator(&quot;.select2-search-choice a&quot;)
============================================================
    at CRExecutionContext.evaluateWithArguments (C:\Users\SURYA~1.MAH\AppData\Local\Temp\playwright-java-15933995681191839293\package\lib\server\chromium\crExecutionContext.js:92:33)
    at async ScopedRace._race (C:\Users\SURYA~1.MAH\AppData\Local\Temp\playwright-java-15933995681191839293\package\lib\utils\manualPromise.js:80:14)
    at async evaluateExpression (C:\Users\SURYA~1.MAH\AppData\Local\Temp\playwright-java-15933995681191839293\package\lib\server\javascript.js:234:12)
    at async C:\Users\SURYA~1.MAH\AppData\Local\Temp\playwright-java-15933995681191839293\package\lib\server\frames.js:1117:14
    at async ProgressController.run (C:\Users\SURYA~1.MAH\AppData\Local\Temp\playwright-java-15933995681191839293\package\lib\server\progress.js:92:22)
    at async FrameDispatcher.isVisible (C:\Users\SURYA~1.MAH\AppData\Local\Temp\playwright-java-15933995681191839293\package\lib\server\dispatchers\frameDispatcher.js:224:14)
    at async DispatcherConnection.dispatch (C:\Users\SURYA~1.MAH\AppData\Local\Temp\playwright-java-15933995681191839293\package\lib\server\dispatchers\dispatcher.js:312:22)
}" type="com.microsoft.playwright.PlaywrightException">
      <![CDATA[com.microsoft.playwright.PlaywrightException: Error {
  message='Error: strict mode violation: locator(".select2-search-choice a") resolved to 11 elements:
    1) <a href="#" tabindex="-1" class="select2-search-cho…></a> aka locator("#s2id_HighschoolTranscriptImportMatching").getByRole(AriaRole.LINK)
    2) <a href="#" tabindex="-1" class="select2-search-cho…></a> aka locator("#s2id_DropChargeRelevantStatus").getByRole(AriaRole.LINK)
    3) <a href="#" tabindex="-1" class="select2-search-cho…></a> aka getByRole(AriaRole.LISTITEM).filter(new Locator.FilterOptions().setHasText("A - In Attendance")).getByRole(AriaRole.LINK)
    4) <a href="#" tabindex="-1" class="select2-search-cho…></a> aka getByRole(AriaRole.LISTITEM).filter(new Locator.FilterOptions().setHasText("C - Course Change")).getByRole(AriaRole.LINK)
    5) <a href="#" tabindex="-1" class="select2-search-cho…></a> aka getByRole(AriaRole.LISTITEM).filter(new Locator.FilterOptions().setHasText("D - Student has never attended")).getByRole(AriaRole.LINK)
    6) <a href="#" tabindex="-1" class="select2-search-cho…></a> aka getByRole(AriaRole.LISTITEM).filter(new Locator.FilterOptions().setHasText("F - Disagree with Fee")).getByRole(AriaRole.LINK)
    7) <a href="#" tabindex="-1" class="select2-search-cho…></a> aka getByRole(AriaRole.LISTITEM).filter(new Locator.FilterOptions().setHasText("L - Liability disputed, HEP to Resolve")).getByRole(AriaRole.LINK)
    8) <a href="#" tabindex="-1" class="select2-search-cho…></a> aka getByRole(AriaRole.LISTITEM).filter(new Locator.FilterOptions().setHasText("N - Liability disputed, HEP will not Resolve")).getByRole(AriaRole.LINK)
    9) <a href="#" tabindex="-1" class="select2-search-cho…></a> aka getByRole(AriaRole.LISTITEM).filter(new Locator.FilterOptions().setHasText("S - Suspended")).getByRole(AriaRole.LINK)
    10) <a href="#" tabindex="-1" class="select2-search-cho…></a> aka getByRole(AriaRole.LISTITEM).filter(new Locator.FilterOptions().setHasText("X - Not in Attendance")).getByRole(AriaRole.LINK)
    ...

=========================== logs ===========================
  checking visibility of locator(".select2-search-choice a")
============================================================
  name='Error
  stack='Error: Error: strict mode violation: locator(".select2-search-choice a") resolved to 11 elements:
    1) <a href="#" tabindex="-1" class="select2-search-cho…></a> aka locator("#s2id_HighschoolTranscriptImportMatching").getByRole(AriaRole.LINK)
    2) <a href="#" tabindex="-1" class="select2-search-cho…></a> aka locator("#s2id_DropChargeRelevantStatus").getByRole(AriaRole.LINK)
    3) <a href="#" tabindex="-1" class="select2-search-cho…></a> aka getByRole(AriaRole.LISTITEM).filter(new Locator.FilterOptions().setHasText("A - In Attendance")).getByRole(AriaRole.LINK)
    4) <a href="#" tabindex="-1" class="select2-search-cho…></a> aka getByRole(AriaRole.LISTITEM).filter(new Locator.FilterOptions().setHasText("C - Course Change")).getByRole(AriaRole.LINK)
    5) <a href="#" tabindex="-1" class="select2-search-cho…></a> aka getByRole(AriaRole.LISTITEM).filter(new Locator.FilterOptions().setHasText("D - Student has never attended")).getByRole(AriaRole.LINK)
    6) <a href="#" tabindex="-1" class="select2-search-cho…></a> aka getByRole(AriaRole.LISTITEM).filter(new Locator.FilterOptions().setHasText("F - Disagree with Fee")).getByRole(AriaRole.LINK)
    7) <a href="#" tabindex="-1" class="select2-search-cho…></a> aka getByRole(AriaRole.LISTITEM).filter(new Locator.FilterOptions().setHasText("L - Liability disputed, HEP to Resolve")).getByRole(AriaRole.LINK)
    8) <a href="#" tabindex="-1" class="select2-search-cho…></a> aka getByRole(AriaRole.LISTITEM).filter(new Locator.FilterOptions().setHasText("N - Liability disputed, HEP will not Resolve")).getByRole(AriaRole.LINK)
    9) <a href="#" tabindex="-1" class="select2-search-cho…></a> aka getByRole(AriaRole.LISTITEM).filter(new Locator.FilterOptions().setHasText("S - Suspended")).getByRole(AriaRole.LINK)
    10) <a href="#" tabindex="-1" class="select2-search-cho…></a> aka getByRole(AriaRole.LISTITEM).filter(new Locator.FilterOptions().setHasText("X - Not in Attendance")).getByRole(AriaRole.LINK)
    ...

=========================== logs ===========================
  checking visibility of locator(".select2-search-choice a")
============================================================
    at CRExecutionContext.evaluateWithArguments (C:\Users\SURYA~1.MAH\AppData\Local\Temp\playwright-java-15933995681191839293\package\lib\server\chromium\crExecutionContext.js:92:33)
    at async ScopedRace._race (C:\Users\SURYA~1.MAH\AppData\Local\Temp\playwright-java-15933995681191839293\package\lib\utils\manualPromise.js:80:14)
    at async evaluateExpression (C:\Users\SURYA~1.MAH\AppData\Local\Temp\playwright-java-15933995681191839293\package\lib\server\javascript.js:234:12)
    at async C:\Users\SURYA~1.MAH\AppData\Local\Temp\playwright-java-15933995681191839293\package\lib\server\frames.js:1117:14
    at async ProgressController.run (C:\Users\SURYA~1.MAH\AppData\Local\Temp\playwright-java-15933995681191839293\package\lib\server\progress.js:92:22)
    at async FrameDispatcher.isVisible (C:\Users\SURYA~1.MAH\AppData\Local\Temp\playwright-java-15933995681191839293\package\lib\server\dispatchers\frameDispatcher.js:224:14)
    at async DispatcherConnection.dispatch (C:\Users\SURYA~1.MAH\AppData\Local\Temp\playwright-java-15933995681191839293\package\lib\server\dispatchers\dispatcher.js:312:22)
}
at com.microsoft.playwright.impl.WaitableResult.get(WaitableResult.java:54)
at com.microsoft.playwright.impl.ChannelOwner.runUntil(ChannelOwner.java:111)
at com.microsoft.playwright.impl.Connection.sendMessage(Connection.java:126)
at com.microsoft.playwright.impl.ChannelOwner.sendMessage(ChannelOwner.java:102)
at com.microsoft.playwright.impl.FrameImpl.isVisibleImpl(FrameImpl.java:641)
at com.microsoft.playwright.impl.FrameImpl.lambda$isVisible$29(FrameImpl.java:627)
at com.microsoft.playwright.impl.LoggingSupport.withLogging(LoggingSupport.java:47)
at com.microsoft.playwright.impl.ChannelOwner.withLogging(ChannelOwner.java:87)
at com.microsoft.playwright.impl.FrameImpl.isVisible(FrameImpl.java:627)
at com.microsoft.playwright.impl.LocatorImpl.isVisible(LocatorImpl.java:383)
at com.microsoft.playwright.Locator.isVisible(Locator.java:3749)
at com.qa.thesis.pages.LoginPage.SetDropCharges(LoginPage.java:192)
at com.qa.thesis.tests.SetEnvVariable.SetDropCharge(SetEnvVariable.java:20)
at java.base/jdk.internal.reflect.NativeMethodAccessorImpl.invoke0(Native Method)
at java.base/jdk.internal.reflect.NativeMethodAccessorImpl.invoke(NativeMethodAccessorImpl.java:77)
at java.base/jdk.internal.reflect.DelegatingMethodAccessorImpl.invoke(DelegatingMethodAccessorImpl.java:43)
at java.base/java.lang.reflect.Method.invoke(Method.java:568)
at org.testng.internal.invokers.MethodInvocationHelper.invokeMethod(MethodInvocationHelper.java:139)
at org.testng.internal.invokers.TestInvoker.invokeMethod(TestInvoker.java:677)
at org.testng.internal.invokers.TestInvoker.invokeTestMethod(TestInvoker.java:221)
at org.testng.internal.invokers.MethodRunner.runInSequence(MethodRunner.java:50)
at org.testng.internal.invokers.TestInvoker$MethodInvocationAgent.invoke(TestInvoker.java:969)
at org.testng.internal.invokers.TestInvoker.invokeTestMethods(TestInvoker.java:194)
at org.testng.internal.invokers.TestMethodWorker.invokeTestMethods(TestMethodWorker.java:148)
at org.testng.internal.invokers.TestMethodWorker.run(TestMethodWorker.java:128)
at java.base/java.util.ArrayList.forEach(ArrayList.java:1511)
at org.testng.TestRunner.privateRun(TestRunner.java:829)
at org.testng.TestRunner.run(TestRunner.java:602)
at org.testng.SuiteRunner.runTest(SuiteRunner.java:437)
at org.testng.SuiteRunner$SuiteWorker.run(SuiteRunner.java:475)
at org.testng.internal.thread.ThreadUtil.lambda$execute$0(ThreadUtil.java:58)
at java.base/java.util.concurrent.FutureTask.run(FutureTask.java:264)
at java.base/java.util.concurrent.ThreadPoolExecutor.runWorker(ThreadPoolExecutor.java:1136)
at java.base/java.util.concurrent.ThreadPoolExecutor$Worker.run(ThreadPoolExecutor.java:635)
at java.base/java.lang.Thread.run(Thread.java:833)
Caused by: com.microsoft.playwright.impl.DriverException: Error {
  message='Error: strict mode violation: locator(".select2-search-choice a") resolved to 11 elements:
    1) <a href="#" tabindex="-1" class="select2-search-cho…></a> aka locator("#s2id_HighschoolTranscriptImportMatching").getByRole(AriaRole.LINK)
    2) <a href="#" tabindex="-1" class="select2-search-cho…></a> aka locator("#s2id_DropChargeRelevantStatus").getByRole(AriaRole.LINK)
    3) <a href="#" tabindex="-1" class="select2-search-cho…></a> aka getByRole(AriaRole.LISTITEM).filter(new Locator.FilterOptions().setHasText("A - In Attendance")).getByRole(AriaRole.LINK)
    4) <a href="#" tabindex="-1" class="select2-search-cho…></a> aka getByRole(AriaRole.LISTITEM).filter(new Locator.FilterOptions().setHasText("C - Course Change")).getByRole(AriaRole.LINK)
    5) <a href="#" tabindex="-1" class="select2-search-cho…></a> aka getByRole(AriaRole.LISTITEM).filter(new Locator.FilterOptions().setHasText("D - Student has never attended")).getByRole(AriaRole.LINK)
    6) <a href="#" tabindex="-1" class="select2-search-cho…></a> aka getByRole(AriaRole.LISTITEM).filter(new Locator.FilterOptions().setHasText("F - Disagree with Fee")).getByRole(AriaRole.LINK)
    7) <a href="#" tabindex="-1" class="select2-search-cho…></a> aka getByRole(AriaRole.LISTITEM).filter(new Locator.FilterOptions().setHasText("L - Liability disputed, HEP to Resolve")).getByRole(AriaRole.LINK)
    8) <a href="#" tabindex="-1" class="select2-search-cho…></a> aka getByRole(AriaRole.LISTITEM).filter(new Locator.FilterOptions().setHasText("N - Liability disputed, HEP will not Resolve")).getByRole(AriaRole.LINK)
    9) <a href="#" tabindex="-1" class="select2-search-cho…></a> aka getByRole(AriaRole.LISTITEM).filter(new Locator.FilterOptions().setHasText("S - Suspended")).getByRole(AriaRole.LINK)
    10) <a href="#" tabindex="-1" class="select2-search-cho…></a> aka getByRole(AriaRole.LISTITEM).filter(new Locator.FilterOptions().setHasText("X - Not in Attendance")).getByRole(AriaRole.LINK)
    ...

=========================== logs ===========================
  checking visibility of locator(".select2-search-choice a")
============================================================
  name='Error
  stack='Error: Error: strict mode violation: locator(".select2-search-choice a") resolved to 11 elements:
    1) <a href="#" tabindex="-1" class="select2-search-cho…></a> aka locator("#s2id_HighschoolTranscriptImportMatching").getByRole(AriaRole.LINK)
    2) <a href="#" tabindex="-1" class="select2-search-cho…></a> aka locator("#s2id_DropChargeRelevantStatus").getByRole(AriaRole.LINK)
    3) <a href="#" tabindex="-1" class="select2-search-cho…></a> aka getByRole(AriaRole.LISTITEM).filter(new Locator.FilterOptions().setHasText("A - In Attendance")).getByRole(AriaRole.LINK)
    4) <a href="#" tabindex="-1" class="select2-search-cho…></a> aka getByRole(AriaRole.LISTITEM).filter(new Locator.FilterOptions().setHasText("C - Course Change")).getByRole(AriaRole.LINK)
    5) <a href="#" tabindex="-1" class="select2-search-cho…></a> aka getByRole(AriaRole.LISTITEM).filter(new Locator.FilterOptions().setHasText("D - Student has never attended")).getByRole(AriaRole.LINK)
    6) <a href="#" tabindex="-1" class="select2-search-cho…></a> aka getByRole(AriaRole.LISTITEM).filter(new Locator.FilterOptions().setHasText("F - Disagree with Fee")).getByRole(AriaRole.LINK)
    7) <a href="#" tabindex="-1" class="select2-search-cho…></a> aka getByRole(AriaRole.LISTITEM).filter(new Locator.FilterOptions().setHasText("L - Liability disputed, HEP to Resolve")).getByRole(AriaRole.LINK)
    8) <a href="#" tabindex="-1" class="select2-search-cho…></a> aka getByRole(AriaRole.LISTITEM).filter(new Locator.FilterOptions().setHasText("N - Liability disputed, HEP will not Resolve")).getByRole(AriaRole.LINK)
    9) <a href="#" tabindex="-1" class="select2-search-cho…></a> aka getByRole(AriaRole.LISTITEM).filter(new Locator.FilterOptions().setHasText("S - Suspended")).getByRole(AriaRole.LINK)
    10) <a href="#" tabindex="-1" class="select2-search-cho…></a> aka getByRole(AriaRole.LISTITEM).filter(new Locator.FilterOptions().setHasText("X - Not in Attendance")).getByRole(AriaRole.LINK)
    ...

=========================== logs ===========================
  checking visibility of locator(".select2-search-choice a")
============================================================
    at CRExecutionContext.evaluateWithArguments (C:\Users\SURYA~1.MAH\AppData\Local\Temp\playwright-java-15933995681191839293\package\lib\server\chromium\crExecutionContext.js:92:33)
    at async ScopedRace._race (C:\Users\SURYA~1.MAH\AppData\Local\Temp\playwright-java-15933995681191839293\package\lib\utils\manualPromise.js:80:14)
    at async evaluateExpression (C:\Users\SURYA~1.MAH\AppData\Local\Temp\playwright-java-15933995681191839293\package\lib\server\javascript.js:234:12)
    at async C:\Users\SURYA~1.MAH\AppData\Local\Temp\playwright-java-15933995681191839293\package\lib\server\frames.js:1117:14
    at async ProgressController.run (C:\Users\SURYA~1.MAH\AppData\Local\Temp\playwright-java-15933995681191839293\package\lib\server\progress.js:92:22)
    at async FrameDispatcher.isVisible (C:\Users\SURYA~1.MAH\AppData\Local\Temp\playwright-java-15933995681191839293\package\lib\server\dispatchers\frameDispatcher.js:224:14)
    at async DispatcherConnection.dispatch (C:\Users\SURYA~1.MAH\AppData\Local\Temp\playwright-java-15933995681191839293\package\lib\server\dispatchers\dispatcher.js:312:22)
}
at com.microsoft.playwright.impl.Connection.dispatch(Connection.java:226)
at com.microsoft.playwright.impl.Connection.processOneMessage(Connection.java:206)
at com.microsoft.playwright.impl.ChannelOwner.runUntil(ChannelOwner.java:109)
... 33 more
]]>
    </error>
  </testcase> <!-- SetDropCharge -->
  <system-out/>
</testsuite> <!-- com.qa.thesis.tests.SetEnvVariable -->
