<?xml version="1.0" encoding="UTF-8"?>
<!-- Generated by org.testng.reporters.JUnitReportReporter -->
<testsuite hostname="del1-lhp-n70285" failures="0" tests="2" name="com.qa.thesis.tests.HoldType" time="39.230" errors="0" timestamp="2023-08-04T15:16:57 IST" skipped="0">
  <testcase classname="com.qa.thesis.tests.HoldType" name="CreateHoldType" time="22.329"/>
  <system-out/>
  <testcase classname="com.qa.thesis.tests.HoldType" name="DeletHoldType" time="16.901"/>
  <system-out/>
</testsuite> <!-- com.qa.thesis.tests.HoldType -->
