<?xml version="1.0" encoding="UTF-8"?>
<!-- Generated by org.testng.reporters.JUnitReportReporter -->
<testsuite hostname="del1-lhp-n70285" failures="0" tests="6" name="com.qa.thesis.tests.SetEnvVariable" time="592.932" errors="0" timestamp="2024-06-27T20:48:09 IST" skipped="0">
  <testcase classname="com.qa.thesis.tests.SetEnvVariable" name="SetDropCharge" time="91.490"/>
  <system-out/>
  <testcase classname="com.qa.thesis.tests.SetEnvVariable" name="SetDropCharge" time="105.476"/>
  <system-out/>
  <testcase classname="com.qa.thesis.tests.SetEnvVariable" name="SetDropCharge" time="78.964"/>
  <system-out/>
  <testcase classname="com.qa.thesis.tests.SetEnvVariable" name="SetDropCharge" time="98.291"/>
  <system-out/>
  <testcase classname="com.qa.thesis.tests.SetEnvVariable" name="SetDropCharge" time="111.710"/>
  <system-out/>
  <testcase classname="com.qa.thesis.tests.SetEnvVariable" name="SetDropCharge" time="107.001"/>
  <system-out/>
</testsuite> <!-- com.qa.thesis.tests.SetEnvVariable -->
